TN:
SF:script/Dependencies/GovernanceProxy.sol
DA:17,0
FN:17,GovernanceProxy.constructor
FNDA:0,GovernanceProxy.constructor
DA:18,0
DA:19,0
DA:20,0
DA:22,0
DA:23,0
DA:24,0
DA:27,0
FN:27,GovernanceProxy.registerInitialInitiatives
FNDA:0,GovernanceProxy.registerInitialInitiatives
DA:28,0
DA:31,0
FN:31,GovernanceProxy.stakingV1
FNDA:0,GovernanceProxy.stakingV1
DA:32,0
DA:35,0
FN:35,GovernanceProxy.EPOCH_START
FNDA:0,GovernanceProxy.EPOCH_START
DA:36,0
DA:39,0
FN:39,GovernanceProxy.EPOCH_DURATION
FNDA:0,GovernanceProxy.EPOCH_DURATION
DA:40,0
DA:43,0
FN:43,GovernanceProxy.EPOCH_VOTING_CUTOFF
FNDA:0,GovernanceProxy.EPOCH_VOTING_CUTOFF
DA:44,0
DA:47,0
FN:47,GovernanceProxy.MIN_CLAIM
FNDA:0,GovernanceProxy.MIN_CLAIM
DA:48,0
DA:51,0
FN:51,GovernanceProxy.MIN_ACCRUAL
FNDA:0,GovernanceProxy.MIN_ACCRUAL
DA:52,0
DA:55,0
FN:55,GovernanceProxy.REGISTRATION_FEE
FNDA:0,GovernanceProxy.REGISTRATION_FEE
DA:56,0
DA:59,0
FN:59,GovernanceProxy.REGISTRATION_THRESHOLD_FACTOR
FNDA:0,GovernanceProxy.REGISTRATION_THRESHOLD_FACTOR
DA:60,0
DA:63,0
FN:63,GovernanceProxy.UNREGISTRATION_THRESHOLD_FACTOR
FNDA:0,GovernanceProxy.UNREGISTRATION_THRESHOLD_FACTOR
DA:64,0
DA:67,0
FN:67,GovernanceProxy.UNREGISTRATION_AFTER_EPOCHS
FNDA:0,GovernanceProxy.UNREGISTRATION_AFTER_EPOCHS
DA:68,0
DA:71,0
FN:71,GovernanceProxy.VOTING_THRESHOLD_FACTOR
FNDA:0,GovernanceProxy.VOTING_THRESHOLD_FACTOR
DA:72,0
DA:75,0
FN:75,GovernanceProxy.boldAccrued
FNDA:0,GovernanceProxy.boldAccrued
DA:76,0
DA:79,0
FN:79,GovernanceProxy.votesSnapshot
FNDA:0,GovernanceProxy.votesSnapshot
DA:80,0
DA:83,0
FN:83,GovernanceProxy.votesForInitiativeSnapshot
FNDA:0,GovernanceProxy.votesForInitiativeSnapshot
DA:89,0
DA:92,0
FN:92,GovernanceProxy.userStates
FNDA:0,GovernanceProxy.userStates
DA:98,0
DA:101,0
FN:101,GovernanceProxy.initiativeStates
FNDA:0,GovernanceProxy.initiativeStates
DA:107,0
DA:110,0
FN:110,GovernanceProxy.globalState
FNDA:0,GovernanceProxy.globalState
DA:111,0
DA:114,0
FN:114,GovernanceProxy.lqtyAllocatedByUserToInitiative
FNDA:0,GovernanceProxy.lqtyAllocatedByUserToInitiative
DA:120,0
DA:123,0
FN:123,GovernanceProxy.registeredInitiatives
FNDA:0,GovernanceProxy.registeredInitiatives
DA:124,0
DA:127,0
FN:127,GovernanceProxy.depositLQTY.0
FNDA:0,GovernanceProxy.depositLQTY.0
DA:128,0
DA:131,0
FN:131,GovernanceProxy.depositLQTY.1
FNDA:0,GovernanceProxy.depositLQTY.1
DA:132,0
DA:135,0
FN:135,GovernanceProxy.depositLQTYViaPermit.0
FNDA:0,GovernanceProxy.depositLQTYViaPermit.0
DA:136,0
DA:139,0
FN:139,GovernanceProxy.depositLQTYViaPermit.1
FNDA:0,GovernanceProxy.depositLQTYViaPermit.1
DA:140,0
DA:143,0
FN:143,GovernanceProxy.withdrawLQTY.0
FNDA:0,GovernanceProxy.withdrawLQTY.0
DA:144,0
DA:147,0
FN:147,GovernanceProxy.withdrawLQTY.1
FNDA:0,GovernanceProxy.withdrawLQTY.1
DA:148,0
DA:151,0
FN:151,GovernanceProxy.claimFromStakingV1
FNDA:0,GovernanceProxy.claimFromStakingV1
DA:156,0
DA:159,0
FN:159,GovernanceProxy.epoch
FNDA:0,GovernanceProxy.epoch
DA:160,0
DA:163,0
FN:163,GovernanceProxy.epochStart
FNDA:0,GovernanceProxy.epochStart
DA:164,0
DA:167,0
FN:167,GovernanceProxy.secondsWithinEpoch
FNDA:0,GovernanceProxy.secondsWithinEpoch
DA:168,0
DA:171,0
FN:171,GovernanceProxy.lqtyToVotes
FNDA:0,GovernanceProxy.lqtyToVotes
DA:177,0
DA:178,0
DA:181,0
FN:181,GovernanceProxy.calculateVotingThreshold.0
FNDA:0,GovernanceProxy.calculateVotingThreshold.0
DA:182,0
DA:185,0
FN:185,GovernanceProxy.calculateVotingThreshold.1
FNDA:0,GovernanceProxy.calculateVotingThreshold.1
DA:186,0
DA:189,0
FN:189,GovernanceProxy.getTotalVotesAndState
FNDA:0,GovernanceProxy.getTotalVotesAndState
DA:195,0
DA:198,0
FN:198,GovernanceProxy.getInitiativeSnapshotAndState
FNDA:0,GovernanceProxy.getInitiativeSnapshotAndState
DA:208,0
DA:211,0
FN:211,GovernanceProxy.getLatestVotingThreshold
FNDA:0,GovernanceProxy.getLatestVotingThreshold
DA:212,0
DA:215,0
FN:215,GovernanceProxy.snapshotVotesForInitiative
FNDA:0,GovernanceProxy.snapshotVotesForInitiative
DA:220,0
DA:223,0
FN:223,GovernanceProxy.getInitiativeState.0
FNDA:0,GovernanceProxy.getInitiativeState.0
DA:228,0
DA:231,0
FN:231,GovernanceProxy.getInitiativeState.1
FNDA:0,GovernanceProxy.getInitiativeState.1
DA:237,0
DA:240,0
FN:240,GovernanceProxy.registerInitiative
FNDA:0,GovernanceProxy.registerInitiative
DA:241,0
DA:244,0
FN:244,GovernanceProxy.unregisterInitiative
FNDA:0,GovernanceProxy.unregisterInitiative
DA:245,0
DA:248,0
FN:248,GovernanceProxy.allocateLQTY
FNDA:0,GovernanceProxy.allocateLQTY
DA:254,0
DA:257,0
FN:257,GovernanceProxy.resetAllocations
FNDA:0,GovernanceProxy.resetAllocations
DA:258,0
DA:261,0
FN:261,GovernanceProxy.claimForInitiative
FNDA:0,GovernanceProxy.claimForInitiative
DA:262,0
DA:265,0
FN:265,GovernanceProxy.userProxyImplementation
FNDA:0,GovernanceProxy.userProxyImplementation
DA:266,0
DA:269,0
FN:269,GovernanceProxy.deriveUserProxyAddress
FNDA:0,GovernanceProxy.deriveUserProxyAddress
DA:270,0
DA:273,0
FN:273,GovernanceProxy.deployUserProxy
FNDA:0,GovernanceProxy.deployUserProxy
DA:274,0
DA:277,0
FN:277,GovernanceProxy.multiDelegateCall
FNDA:0,GovernanceProxy.multiDelegateCall
DA:278,0
FNF:49
FNH:0
LF:104
LH:0
BRF:0
BRH:0
end_of_record
TN:
SF:script/DeployGovernance.s.sol
DA:23,0
FN:23,AddressArray.toJSON.0
FNDA:0,AddressArray.toJSON.0
DA:24,0
DA:27,0
FN:27,AddressArray.toJSON.1
FNDA:0,AddressArray.toJSON.1
DA:28,0
BRDA:28,0,0,-
DA:30,0
DA:31,0
DA:32,0
DA:35,0
DA:86,0
FN:86,DeployGovernance.deployGovernance
FNDA:0,DeployGovernance.deployGovernance
DA:92,0
DA:93,0
DA:95,0
DA:99,0
DA:101,0
DA:102,0
DA:104,0
BRDA:104,1,0,-
BRDA:104,1,1,-
DA:106,0
DA:113,0
DA:120,0
DA:121,0
DA:122,0
DA:124,0
DA:125,0
DA:126,0
DA:129,0
DA:131,0
DA:134,0
FN:134,DeployGovernance.computeGovernanceAddress
FNDA:0,DeployGovernance.computeGovernanceAddress
DA:135,0
DA:136,0
DA:139,0
FN:139,DeployGovernance.computeGovernanceAddressAndConfig
FNDA:0,DeployGovernance.computeGovernanceAddressAndConfig
DA:144,0
DA:157,0
DA:162,0
DA:163,0
DA:166,0
FN:166,DeployGovernance.deployCurveV2GaugeRewards
FNDA:0,DeployGovernance.deployCurveV2GaugeRewards
DA:172,0
DA:173,0
DA:174,0
DA:177,0
DA:180,0
DA:183,0
DA:186,0
FN:186,DeployGovernance._getGovernanceDeploymentConstants
FNDA:0,DeployGovernance._getGovernanceDeploymentConstants
DA:187,0
DA:208,0
FN:208,DeployGovernance._getGovernanceManifestJson
FNDA:0,DeployGovernance._getGovernanceManifestJson
DA:209,0
FNF:8
FNH:0
LF:45
LH:0
BRF:3
BRH:0
end_of_record
TN:
SF:script/DeployLiquity2.s.sol
DA:272,0
FN:272,DeployLiquity2Script.run
FNDA:0,DeployLiquity2Script.run
DA:273,0
DA:274,0
DA:276,0
BRDA:276,0,0,-
BRDA:276,0,1,-
DA:278,0
DA:279,0
DA:282,0
DA:283,0
DA:284,0
DA:287,0
DA:288,0
BRDA:288,1,0,-
BRDA:288,1,1,-
DA:294,0
DA:299,0
DA:301,0
DA:302,0
DA:303,0
DA:304,0
DA:305,0
DA:306,0
DA:309,0
DA:310,0
DA:311,0
DA:313,0
BRDA:313,2,0,-
BRDA:313,2,1,-
DA:314,0
BRDA:314,3,0,-
BRDA:314,3,1,-
DA:315,0
DA:318,0
BRDA:318,4,0,-
BRDA:318,4,1,-
DA:319,0
BRDA:319,5,0,-
BRDA:319,5,1,-
DA:320,0
BRDA:320,6,0,-
BRDA:320,6,1,-
DA:322,0
DA:323,0
DA:326,0
BRDA:326,7,0,-
DA:327,0
DA:328,0
DA:331,0
BRDA:331,8,0,-
BRDA:331,8,1,-
DA:333,0
DA:334,0
DA:335,0
DA:336,0
DA:337,0
DA:338,0
DA:339,0
DA:340,0
DA:341,0
DA:342,0
DA:343,0
DA:346,0
BRDA:346,9,0,-
BRDA:346,9,1,-
DA:348,0
DA:351,0
DA:353,0
DA:354,0
DA:355,0
DA:356,0
DA:357,0
DA:358,0
DA:359,0
DA:361,0
DA:362,0
DA:363,0
DA:366,0
DA:369,0
DA:372,0
DA:385,0
DA:398,0
DA:401,0
DA:414,0
DA:427,0
DA:439,0
DA:440,0
DA:441,0
DA:442,0
DA:443,0
DA:444,0
DA:445,0
DA:446,0
DA:447,0
DA:448,0
DA:449,0
DA:450,0
DA:452,0
DA:462,0
DA:463,0
DA:465,0
BRDA:465,10,0,-
DA:467,0
DA:468,0
DA:469,0
DA:470,0
DA:471,0
BRDA:471,11,0,-
BRDA:471,11,1,-
DA:473,0
DA:474,0
DA:475,0
DA:480,0
DA:481,0
DA:491,0
DA:514,0
DA:515,0
BRDA:515,12,0,-
DA:516,0
DA:520,0
DA:526,0
DA:527,0
DA:529,0
DA:531,0
DA:533,0
BRDA:533,13,0,-
DA:536,0
DA:537,0
DA:538,0
DA:539,0
DA:540,0
DA:541,0
DA:542,0
DA:543,0
DA:544,0
DA:546,0
DA:548,0
DA:549,0
DA:550,0
DA:551,0
DA:552,0
DA:553,0
DA:554,0
DA:555,0
DA:557,0
DA:558,0
DA:559,0
DA:560,0
DA:561,0
DA:562,0
DA:563,0
DA:564,0
DA:566,0
DA:567,0
DA:568,0
DA:569,0
DA:570,0
DA:571,0
DA:572,0
DA:573,0
DA:575,0
DA:576,0
DA:579,0
DA:583,0
FN:583,DeployLiquity2Script.tapFaucet
FNDA:0,DeployLiquity2Script.tapFaucet
DA:584,0
DA:585,0
DA:587,0
DA:588,0
DA:589,0
DA:591,0
DA:600,0
FN:600,DeployLiquity2Script.openDemoTroves
FNDA:0,DeployLiquity2Script.openDemoTroves
DA:601,0
DA:602,0
DA:609,0
DA:610,0
DA:612,0
DA:614,0
DA:615,0
DA:618,0
BRDA:618,14,0,-
BRDA:618,14,1,-
DA:619,0
DA:621,0
DA:622,0
DA:625,0
DA:639,0
DA:644,0
FN:644,DeployLiquity2Script.getBytecode.0
FNDA:0,DeployLiquity2Script.getBytecode.0
DA:645,0
DA:648,0
FN:648,DeployLiquity2Script.getBytecode.1
FNDA:0,DeployLiquity2Script.getBytecode.1
DA:649,0
DA:652,0
FN:652,DeployLiquity2Script.getBytecode.2
FNDA:0,DeployLiquity2Script.getBytecode.2
DA:653,0
DA:656,0
FN:656,DeployLiquity2Script._deployAndConnectContracts
FNDA:0,DeployLiquity2Script._deployAndConnectContracts
DA:662,0
DA:663,0
DA:665,0
DA:666,0
DA:667,0
DA:670,0
DA:672,0
DA:673,0
DA:674,0
DA:675,0
DA:678,0
BRDA:678,15,0,-
BRDA:678,15,1,-
DA:681,0
DA:684,0
DA:687,0
DA:690,0
DA:693,0
DA:696,0
DA:700,0
DA:703,0
DA:704,0
DA:714,0
DA:715,0
DA:716,0
DA:717,0
DA:718,0
DA:721,0
DA:722,0
DA:723,0
DA:724,0
DA:725,0
DA:728,0
DA:729,0
DA:742,0
DA:745,0
DA:748,0
DA:751,0
DA:762,0
DA:773,0
DA:776,0
FN:776,DeployLiquity2Script._deployAddressesRegistry
FNDA:0,DeployLiquity2Script._deployAddressesRegistry
DA:780,0
DA:790,0
DA:794,0
DA:797,0
FN:797,DeployLiquity2Script._deployAndConnectCollateralContracts
FNDA:0,DeployLiquity2Script._deployAndConnectCollateralContracts
DA:810,0
DA:811,0
DA:814,0
DA:817,0
DA:818,0
DA:821,0
DA:823,0
DA:824,0
DA:827,0
DA:828,0
DA:831,0
DA:834,0
DA:837,0
DA:840,0
DA:843,0
DA:846,0
DA:850,0
DA:852,0
DA:873,0
DA:875,0
DA:876,0
DA:877,0
DA:878,0
DA:879,0
DA:880,0
DA:881,0
DA:882,0
DA:883,0
DA:885,0
DA:886,0
DA:887,0
DA:888,0
DA:889,0
DA:890,0
DA:891,0
DA:892,0
DA:893,0
DA:896,0
DA:904,0
DA:908,0
FN:908,DeployLiquity2Script._deployPriceFeed
FNDA:0,DeployLiquity2Script._deployPriceFeed
DA:912,0
BRDA:912,16,0,-
DA:915,0
BRDA:915,17,0,-
DA:916,0
DA:919,0
BRDA:919,18,0,-
DA:920,0
DA:930,0
BRDA:930,19,0,-
DA:931,0
DA:941,0
BRDA:941,20,0,-
DA:942,0
DA:951,0
BRDA:951,21,0,-
DA:952,0
DA:961,0
BRDA:961,22,0,-
DA:962,0
DA:967,0
DA:969,0
DA:973,0
DA:976,0
FN:976,DeployLiquity2Script._deployZappers
FNDA:0,DeployLiquity2Script._deployZappers
DA:982,0
DA:984,0
DA:997,0
DA:998,0
BRDA:998,23,0,-
BRDA:998,23,1,-
DA:999,0
DA:1001,0
DA:1003,0
DA:1006,0
FN:1006,DeployLiquity2Script._deployHybridLeverageZapper
FNDA:0,DeployLiquity2Script._deployHybridLeverageZapper
DA:1012,0
DA:1013,0
BRDA:1013,24,0,-
BRDA:1013,24,1,-
DA:1014,0
DA:1016,0
DA:1019,0
DA:1022,0
FN:1022,DeployLiquity2Script._deployCurvePool
FNDA:0,DeployLiquity2Script._deployCurvePool
DA:1026,0
BRDA:1026,25,0,-
DA:1028,0
DA:1032,0
DA:1033,0
DA:1034,0
DA:1035,0
DA:1036,0
DA:1037,0
DA:1039,0
DA:1053,0
DA:1056,0
FN:1056,DeployLiquity2Script._provideFlashloanLiquidity
FNDA:0,DeployLiquity2Script._provideFlashloanLiquidity
DA:1057,0
DA:1058,0
DA:1059,0
DA:1061,0
DA:1062,0
DA:1064,0
DA:1065,0
DA:1068,0
DA:1069,0
DA:1070,0
DA:1072,0
DA:1083,0
DA:1084,0
DA:1086,0
DA:1099,0
FN:1099,DeployLiquity2Script._mintBold
FNDA:0,DeployLiquity2Script._mintBold
DA:1100,0
DA:1102,0
DA:1103,0
DA:1105,0
BRDA:1105,26,0,-
BRDA:1105,26,1,-
DA:1106,0
DA:1108,0
DA:1109,0
DA:1112,0
DA:1137,0
FN:1137,DeployLiquity2Script._provideUniV3Liquidity
FNDA:0,DeployLiquity2Script._provideUniV3Liquidity
DA:1144,0
DA:1146,0
DA:1148,0
BRDA:1148,27,0,-
BRDA:1148,27,1,-
DA:1149,0
DA:1150,0
DA:1151,0
DA:1152,0
DA:1154,0
DA:1156,0
DA:1157,0
DA:1158,0
DA:1159,0
DA:1160,0
DA:1164,0
DA:1169,0
DA:1170,0
DA:1171,0
DA:1172,0
DA:1175,0
DA:1176,0
DA:1177,0
DA:1179,0
DA:1180,0
DA:1182,0
DA:1196,0
DA:1213,0
FN:1213,DeployLiquity2Script._priceToSqrtPrice
FNDA:0,DeployLiquity2Script._priceToSqrtPrice
DA:1214,0
DA:1217,0
FN:1217,DeployLiquity2Script._provideCurveLiquidity
FNDA:0,DeployLiquity2Script._provideCurveLiquidity
DA:1218,0
DA:1219,0
DA:1223,0
DA:1224,0
DA:1227,0
DA:1228,0
DA:1229,0
DA:1231,0
DA:1232,0
DA:1234,0
DA:1235,0
DA:1236,0
DA:1238,0
DA:1241,0
FN:1241,DeployLiquity2Script.formatAmount
FNDA:0,DeployLiquity2Script.formatAmount
DA:1242,0
BRDA:1242,28,0,-
DA:1243,0
DA:1246,0
DA:1247,0
DA:1249,0
BRDA:1249,29,0,-
DA:1250,0
DA:1253,0
DA:1254,0
DA:1255,0
DA:1257,0
DA:1260,0
FN:1260,DeployLiquity2Script._getBranchContractsJson
FNDA:0,DeployLiquity2Script._getBranchContractsJson
DA:1261,0
DA:1294,0
FN:1294,DeployLiquity2Script._getDeploymentConstants
FNDA:0,DeployLiquity2Script._getDeploymentConstants
DA:1295,0
DA:1310,0
FN:1310,DeployLiquity2Script._getManifestJson
FNDA:0,DeployLiquity2Script._getManifestJson
DA:1315,0
DA:1318,0
DA:1319,0
DA:1322,0
FNF:22
FNH:0
LF:377
LH:0
BRF:46
BRH:0
end_of_record
TN:
SF:script/DeployOnlyExchangeHelpers.s.sol
DA:28,0
FN:28,DeployOnlyExchangeHelpers.run
FNDA:0,DeployOnlyExchangeHelpers.run
DA:29,0
BRDA:29,0,0,-
BRDA:29,0,1,-
DA:31,0
DA:32,0
DA:35,0
DA:36,0
DA:37,0
DA:40,0
DA:41,0
DA:43,0
DA:53,0
FNF:1
FNH:0
LF:11
LH:0
BRF:2
BRH:0
end_of_record
TN:
SF:script/DeployOnlyExchangeHelpersV2.s.sol
DA:21,0
FN:21,DeployOnlyExchangeHelpersV2.run
FNDA:0,DeployOnlyExchangeHelpersV2.run
DA:22,0
BRDA:22,0,0,-
DA:23,0
DA:26,0
DA:28,0
DA:29,0
DA:40,0
FNF:1
FNH:0
LF:7
LH:0
BRF:1
BRH:0
end_of_record
TN:
SF:script/DeployRedemptionHelper.s.sol
DA:14,0
FN:14,DeployRedemptionHelper.run
FNDA:0,DeployRedemptionHelper.run
DA:15,0
BRDA:15,0,0,-
DA:16,0
DA:19,0
DA:21,0
DA:22,0
DA:24,0
FNF:1
FNH:0
LF:7
LH:0
BRF:1
BRH:0
end_of_record
TN:
SF:script/DeploySomeCurvePools.s.sol
DA:14,0
FN:14,DeploySomeCurvePools.run
FNDA:0,DeploySomeCurvePools.run
DA:15,0
DA:17,0
DA:18,0
DA:19,0
DA:20,0
DA:21,0
DA:23,0
DA:32,0
DA:41,0
FNF:1
FNH:0
LF:10
LH:0
BRF:0
BRH:0
end_of_record
TN:
SF:script/GenerateStakingRewards.s.sol
DA:18,0
FN:18,Runner._revert
FNDA:0,Runner._revert
DA:20,0
DA:24,0
FN:24,Runner.run.0
FNDA:0,Runner.run.0
DA:25,0
DA:26,0
DA:28,0
DA:29,0
DA:31,0
BRDA:31,0,0,-
DA:32,0
DA:33,0
DA:34,0
BRDA:34,1,0,-
BRDA:34,1,1,-
DA:37,0
DA:38,0
DA:39,0
DA:41,0
DA:42,0
BRDA:42,2,0,-
BRDA:42,2,1,-
DA:44,0
DA:51,0
BRDA:51,3,0,-
BRDA:51,3,1,-
DA:53,0
DA:54,0
DA:56,0
DA:66,0
DA:67,0
BRDA:67,4,0,-
BRDA:67,4,1,-
DA:69,0
DA:70,0
BRDA:70,5,0,-
DA:77,0
FN:77,GenerateStakingRewards.run.1
FNDA:0,GenerateStakingRewards.run.1
DA:78,0
DA:80,0
DA:81,0
FNF:3
FNH:0
LF:29
LH:0
BRF:10
BRH:0
end_of_record
TN:
SF:script/LiquidateTrove.s.sol
DA:15,0
FN:15,LiquidateTrove.run
FNDA:0,LiquidateTrove.run
DA:16,0
DA:18,0
DA:19,0
BRDA:19,0,0,-
DA:20,0
DA:21,0
BRDA:21,0,1,-
DA:22,0
DA:23,0
DA:24,0
DA:28,0
DA:30,0
DA:31,0
DA:32,0
DA:33,0
DA:35,0
DA:36,0
DA:38,0
DA:39,0
DA:40,0
DA:42,0
DA:43,0
DA:44,0
DA:46,0
FNF:1
FNH:0
LF:23
LH:0
BRF:2
BRH:0
end_of_record
TN:
SF:script/OpenTroves.s.sol
DA:35,0
FN:35,Proxy.tap
FNDA:0,Proxy.tap
DA:36,0
DA:37,0
DA:40,0
FN:40,Proxy.sweepTrove
FNDA:0,Proxy.sweepTrove
DA:41,0
DA:54,0
FN:54,OpenTroves._findHints
FNDA:0,OpenTroves._findHints
DA:60,0
DA:68,0
DA:71,0
FN:71,OpenTroves.run
FNDA:0,OpenTroves.run
DA:72,0
DA:74,0
DA:75,0
BRDA:75,0,0,-
DA:76,0
DA:79,0
DA:80,0
BRDA:80,1,0,-
DA:81,0
DA:82,0
BRDA:82,1,1,-
DA:83,0
DA:85,0
DA:87,0
DA:88,0
BRDA:88,2,0,-
DA:89,0
DA:90,0
BRDA:90,2,1,-
DA:91,0
DA:93,0
DA:95,0
DA:96,0
DA:98,0
DA:99,0
DA:101,0
DA:102,0
DA:103,0
DA:104,0
DA:105,0
DA:106,0
DA:107,0
DA:108,0
DA:109,0
DA:110,0
DA:111,0
DA:112,0
DA:114,0
BRDA:114,3,0,-
DA:116,0
DA:125,0
DA:126,0
DA:127,0
DA:129,0
DA:130,0
DA:132,0
BRDA:132,4,0,-
BRDA:132,4,1,-
DA:134,0
DA:136,0
DA:137,0
DA:138,0
DA:141,0
DA:142,0
DA:144,0
DA:158,0
DA:159,0
DA:160,0
BRDA:160,5,0,-
DA:162,0
BRDA:162,6,0,-
DA:163,0
DA:164,0
DA:167,0
FNF:4
FNH:0
LF:63
LH:0
BRF:10
BRH:0
end_of_record
TN:
SF:script/ProvideCurveLiquidity.s.sol
DA:8,0
FN:8,ProvideCurveLiquidity.run
FNDA:0,ProvideCurveLiquidity.run
DA:9,0
DA:10,0
DA:12,0
DA:13,0
DA:15,0
DA:16,0
DA:18,0
DA:19,0
DA:20,0
FNF:1
FNH:0
LF:10
LH:0
BRF:0
BRH:0
end_of_record
TN:
SF:script/ProvideUniV3Liquidity.s.sol
DA:37,0
FN:37,ProvideUniV3Liquidity.run
FNDA:0,ProvideUniV3Liquidity.run
DA:38,0
BRDA:38,0,0,-
BRDA:38,0,1,-
DA:40,0
DA:41,0
DA:44,0
DA:45,0
DA:46,0
DA:49,0
DA:50,0
DA:52,0
DA:55,0
DA:56,0
DA:57,0
DA:59,0
DA:62,0
DA:63,0
DA:66,0
DA:67,0
DA:71,0
FN:71,ProvideUniV3Liquidity._provideUniV3Liquidity
FNDA:0,ProvideUniV3Liquidity._provideUniV3Liquidity
DA:79,0
DA:80,0
DA:81,0
DA:83,0
DA:84,0
BRDA:84,1,0,-
BRDA:84,1,1,-
DA:85,0
DA:86,0
DA:87,0
DA:88,0
DA:90,0
DA:92,0
DA:93,0
DA:94,0
DA:95,0
DA:96,0
DA:99,0
DA:107,0
DA:108,0
DA:109,0
DA:110,0
DA:113,0
DA:114,0
DA:115,0
DA:116,0
DA:117,0
DA:119,0
DA:133,0
DA:135,0
DA:136,0
DA:137,0
DA:138,0
DA:139,0
DA:140,0
DA:141,0
DA:142,0
DA:143,0
DA:146,0
FN:146,ProvideUniV3Liquidity._priceToSqrtPrice
FNDA:0,ProvideUniV3Liquidity._priceToSqrtPrice
DA:147,0
FNF:3
FNH:0
LF:57
LH:0
BRF:4
BRH:0
end_of_record
TN:
SF:script/RedeemCollateral.s.sol
DA:16,0
FN:16,RedeemCollateral.run
FNDA:0,RedeemCollateral.run
DA:17,0
DA:19,0
DA:20,0
BRDA:20,0,0,-
DA:21,0
DA:24,0
DA:25,0
BRDA:25,1,0,-
DA:26,0
DA:27,0
BRDA:27,1,1,-
DA:28,0
DA:30,0
DA:32,0
DA:33,0
DA:35,0
DA:36,0
DA:37,0
DA:38,0
DA:41,0
DA:42,0
DA:44,0
DA:45,0
DA:47,0
DA:48,0
DA:50,0
DA:51,0
DA:52,0
DA:53,0
FNF:1
FNH:0
LF:27
LH:0
BRF:3
BRH:0
end_of_record
TN:
SF:script/RedeployWETHZappers.s.sol
DA:15,0
FN:15,RedeployWETHZappers.run
FNDA:0,RedeployWETHZappers.run
DA:16,0
DA:17,0
DA:19,0
DA:20,0
BRDA:20,0,0,-
BRDA:20,0,1,-
DA:22,0
DA:23,0
DA:25,0
DA:31,0
DA:37,0
DA:38,0
FNF:1
FNH:0
LF:11
LH:0
BRF:2
BRH:0
end_of_record
TN:
SF:src/ActivePool.sol
DA:82,1266
FN:82,ActivePool.constructor
FNDA:1266,ActivePool.constructor
DA:83,1266
DA:84,1266
DA:85,1266
DA:86,1266
DA:87,1266
DA:88,1266
DA:89,1266
DA:91,1266
DA:92,1266
DA:93,1266
DA:94,1266
DA:95,1266
DA:98,1266
DA:100,1266
DA:101,1266
DA:102,1266
DA:105,40
BRDA:105,0,0,40
DA:106,40
BRDA:106,1,0,-
BRDA:106,1,1,40
DA:107,40
BRDA:107,2,0,-
BRDA:107,2,1,40
DA:108,40
DA:119,1079536
FN:119,ActivePool.getCollBalance
FNDA:1079536,ActivePool.getCollBalance
DA:120,1079536
DA:123,1298479
FN:123,ActivePool.calcPendingAggInterest
FNDA:1298479,ActivePool.calcPendingAggInterest
DA:124,4930591
BRDA:124,3,0,174322
DA:131,4756269
DA:134,114655
FN:134,ActivePool.calcPendingSPYield
FNDA:114655,ActivePool.calcPendingSPYield
DA:135,114655
DA:138,0
FN:138,ActivePool.calcPendingAggBatchManagementFee
FNDA:0,ActivePool.calcPendingAggBatchManagementFee
DA:139,1858185
DA:140,1858185
DA:142,1858185
DA:145,1399672
FN:145,ActivePool.getNewApproxAvgInterestRateFromTroveChange
FNDA:1399672,ActivePool.getNewApproxAvgInterestRateFromTroveChange
DA:153,1399672
DA:155,1399672
BRDA:155,4,0,16709
DA:157,1382963
DA:158,1382963
DA:159,1382963
DA:160,1382963
DA:161,1382963
DA:162,1382963
DA:164,1382963
DA:165,1382963
DA:166,1382963
DA:171,1382963
DA:175,1806890
FN:175,ActivePool.getBoldDebt
FNDA:1806890,ActivePool.getBoldDebt
DA:176,1806890
DA:181,85758
FN:181,ActivePool.sendColl
FNDA:85758,ActivePool.sendColl
DA:182,85758
DA:184,85758
DA:186,85758
DA:188,85758
DA:191,3497
FN:191,ActivePool.sendCollToDefaultPool
FNDA:3497,ActivePool.sendCollToDefaultPool
DA:192,3497
DA:194,3497
DA:196,3497
DA:198,3497
DA:201,89255
FN:201,ActivePool._accountForSendColl
FNDA:89255,ActivePool._accountForSendColl
DA:202,89255
DA:203,89255
DA:204,89255
DA:207,760
FN:207,ActivePool.receiveColl
FNDA:760,ActivePool.receiveColl
DA:208,760
DA:210,760
DA:213,760
DA:215,760
DA:218,74228
FN:218,ActivePool.accountForReceivedColl
FNDA:74228,ActivePool.accountForReceivedColl
DA:219,74228
DA:221,74228
DA:223,74228
DA:227,74988
FN:227,ActivePool._stakeIfAeroLPCollateral
FNDA:74988,ActivePool._stakeIfAeroLPCollateral
DA:228,13335
BRDA:228,5,0,13335
DA:232,13335
DA:236,89255
FN:236,ActivePool._unstakeIfAeroLPCollateral
FNDA:89255,ActivePool._unstakeIfAeroLPCollateral
DA:237,15912
BRDA:237,6,0,15912
DA:240,15912
DA:244,74988
FN:244,ActivePool._accountForReceivedColl
FNDA:74988,ActivePool._accountForReceivedColl
DA:245,74988
DA:246,74988
DA:248,74988
DA:260,181740
FN:260,ActivePool.mintAggInterestAndAccountForTroveChange
FNDA:181740,ActivePool.mintAggInterestAndAccountForTroveChange
DA:263,181740
DA:266,181739
BRDA:266,7,0,40134
DA:267,40134
DA:271,181739
DA:272,181739
DA:273,181739
DA:274,181739
DA:275,181739
DA:276,181739
DA:282,181739
DA:283,181739
DA:284,181739
DA:285,181739
DA:288,145865
FN:288,ActivePool.mintAggInterest
FNDA:145865,ActivePool.mintAggInterest
DA:289,145865
DA:290,145865
DA:293,327604
FN:293,ActivePool._mintAggInterest
FNDA:327604,ActivePool._mintAggInterest
DA:294,327604
DA:297,327604
BRDA:297,8,0,121911
DA:298,121911
DA:299,121911
DA:301,121911
DA:303,121911
BRDA:303,9,0,121901
DA:304,121901
DA:305,121901
DA:309,327604
DA:312,11161
FN:312,ActivePool.mintBatchManagementFeeAndAccountForChange
FNDA:11161,ActivePool.mintBatchManagementFeeAndAccountForChange
DA:316,11161
DA:317,11161
DA:320,51295
FN:320,ActivePool._mintBatchManagementFeeAndAccountForChange
FNDA:51295,ActivePool._mintBatchManagementFeeAndAccountForChange
DA:323,51295
DA:326,51295
DA:327,51295
DA:328,51295
DA:329,51295
DA:332,51295
DA:333,51295
DA:334,51295
DA:335,51295
DA:338,51295
BRDA:338,10,0,6436
DA:339,6436
DA:342,51295
DA:345,0
FN:345,ActivePool.setAeroManagerAddress
FNDA:0,ActivePool.setAeroManagerAddress
DA:346,0
DA:348,0
DA:349,0
DA:351,0
DA:354,0
FN:354,ActivePool._requireCallerIsAeroManager
FNDA:0,ActivePool._requireCallerIsAeroManager
DA:355,0
BRDA:355,11,0,-
BRDA:355,11,1,-
DA:360,5942
FN:360,ActivePool.setShutdownFlag
FNDA:5942,ActivePool.setShutdownFlag
DA:361,5942
DA:362,5940
DA:365,2
FN:365,ActivePool.hasBeenShutDown
FNDA:2,ActivePool.hasBeenShutDown
DA:366,2
DA:371,74988
FN:371,ActivePool._requireCallerIsBorrowerOperationsOrDefaultPool
FNDA:74988,ActivePool._requireCallerIsBorrowerOperationsOrDefaultPool
DA:372,74988
BRDA:372,12,0,-
BRDA:372,12,1,74988
DA:378,85758
FN:378,ActivePool._requireCallerIsBOorTroveMorSP
FNDA:85758,ActivePool._requireCallerIsBOorTroveMorSP
DA:379,85758
BRDA:379,13,0,-
BRDA:379,13,1,85758
DA:386,145865
FN:386,ActivePool._requireCallerIsBOorSP
FNDA:145865,ActivePool._requireCallerIsBOorSP
DA:387,145865
BRDA:387,14,0,-
BRDA:387,14,1,145865
DA:393,181740
FN:393,ActivePool._requireCallerIsBOorTroveM
FNDA:181740,ActivePool._requireCallerIsBOorTroveM
DA:394,181740
BRDA:394,15,0,1
BRDA:394,15,1,181739
DA:400,20600
FN:400,ActivePool._requireCallerIsTroveManager
FNDA:20600,ActivePool._requireCallerIsTroveManager
DA:401,20600
BRDA:401,16,0,2
BRDA:401,16,1,20598
FNF:29
FNH:26
LF:145
LH:137
BRF:25
BRH:18
end_of_record
TN:
SF:src/AddressesRegistry.sol
DA:75,1272
FN:75,AddressesRegistry.constructor
FNDA:1272,AddressesRegistry.constructor
DA:85,1272
BRDA:85,0,0,-
DA:86,1272
BRDA:86,1,0,-
DA:87,1272
BRDA:87,2,0,-
DA:88,1272
BRDA:88,3,0,-
DA:89,1272
BRDA:89,4,0,-
DA:90,1272
BRDA:90,5,0,-
DA:91,1272
BRDA:91,6,0,-
DA:93,1272
DA:94,1272
DA:95,1272
DA:96,1272
DA:97,1272
DA:98,1272
DA:99,1272
DA:102,1272
FN:102,AddressesRegistry.setAddresses
FNDA:1272,AddressesRegistry.setAddresses
DA:103,1272
DA:104,1272
DA:105,1272
DA:106,1272
DA:107,1272
DA:108,1272
DA:109,1272
DA:110,1272
DA:111,1272
DA:112,1272
DA:113,1272
DA:114,1272
DA:115,1272
DA:116,1272
DA:117,1272
DA:118,1272
DA:119,1272
DA:120,1272
DA:121,1272
DA:123,1272
DA:124,1272
DA:125,1272
DA:126,1272
DA:127,1272
DA:128,1272
DA:129,1272
DA:130,1272
DA:131,1272
DA:132,1272
DA:133,1272
DA:134,1272
DA:135,1272
DA:136,1272
DA:137,1272
DA:138,1272
DA:139,1272
DA:140,1272
DA:142,1272
FNF:2
FNH:2
LF:54
LH:54
BRF:7
BRH:0
end_of_record
TN:
SF:src/AeroManager.sol
DA:62,810
FN:62,AeroManager.constructor
FNDA:810,AeroManager.constructor
DA:63,810
BRDA:63,0,0,-
BRDA:63,0,1,810
DA:64,810
BRDA:64,1,0,-
BRDA:64,1,1,810
DA:65,810
DA:67,810
DA:68,810
DA:69,810
DA:70,810
DA:74,261
FN:74,AeroManager.onlyGovernor
FNDA:261,AeroManager.onlyGovernor
DA:75,261
BRDA:75,2,0,-
BRDA:75,2,1,-
DA:82,810
FN:82,AeroManager.setAddresses
FNDA:810,AeroManager.setAddresses
DA:83,810
BRDA:83,3,0,-
BRDA:83,3,1,810
DA:85,810
DA:86,810
DA:89,810
DA:90,810
DA:91,810
DA:92,1266
DA:93,1266
BRDA:93,4,0,40
DA:94,40
DA:97,810
DA:98,0
DA:99,0
BRDA:99,5,0,-
DA:100,0
DA:104,810
DA:108,0
FN:108,AeroManager.setAeroTokenAddress
FNDA:0,AeroManager.setAeroTokenAddress
DA:109,0
BRDA:109,6,0,-
BRDA:109,6,1,-
DA:110,0
BRDA:110,7,0,-
BRDA:110,7,1,-
DA:112,0
DA:113,0
DA:114,0
DA:117,0
FN:117,AeroManager.acceptAeroTokenAddressUpdate
FNDA:0,AeroManager.acceptAeroTokenAddressUpdate
DA:118,0
BRDA:118,8,0,-
BRDA:118,8,1,-
DA:119,0
BRDA:119,9,0,-
BRDA:119,9,1,-
DA:120,0
DA:121,0
DA:122,0
DA:123,0
DA:124,0
DA:127,0
FN:127,AeroManager.setGovernor
FNDA:0,AeroManager.setGovernor
DA:128,0
DA:129,0
DA:132,2
FN:132,AeroManager.addActivePool
FNDA:2,AeroManager.addActivePool
DA:133,2
DA:134,1
DA:145,13335
FN:145,AeroManager.stake
FNDA:13335,AeroManager.stake
DA:146,13335
DA:149,13335
DA:151,13335
DA:153,13335
DA:155,13335
DA:156,13335
DA:159,15912
FN:159,AeroManager.withdraw
FNDA:15912,AeroManager.withdraw
DA:160,15912
DA:162,15912
DA:164,15912
DA:166,15912
DA:169,262
FN:169,AeroManager.claim
FNDA:262,AeroManager.claim
DA:170,262
DA:171,262
BRDA:171,10,0,-
BRDA:171,10,1,262
DA:172,262
BRDA:172,11,0,-
BRDA:172,11,1,262
DA:175,262
DA:176,262
DA:177,262
DA:178,262
DA:181,262
DA:182,262
DA:185,262
DA:186,262
DA:188,262
DA:190,262
DA:194,261
FN:194,AeroManager.closeCurrentEpoch
FNDA:261,AeroManager.closeCurrentEpoch
DA:195,261
DA:196,261
BRDA:196,12,0,-
BRDA:196,12,1,261
DA:197,261
DA:198,261
DA:201,261
FN:201,AeroManager.distributeAero
FNDA:261,AeroManager.distributeAero
DA:202,261
DA:203,261
BRDA:203,13,0,-
BRDA:203,13,1,261
DA:204,261
BRDA:204,14,0,-
BRDA:204,14,1,261
DA:206,261
DA:207,261
DA:208,261
DA:209,264
BRDA:209,15,0,-
BRDA:209,15,1,264
DA:210,264
DA:211,264
DA:213,261
BRDA:213,16,0,-
BRDA:213,16,1,261
DA:214,261
DA:215,261
DA:216,261
DA:219,262
FN:219,AeroManager.claimRewards
FNDA:262,AeroManager.claimRewards
DA:220,262
DA:221,262
BRDA:221,17,0,-
BRDA:221,17,1,262
DA:222,262
DA:223,262
DA:224,262
DA:227,3
FN:227,AeroManager.updateClaimFee
FNDA:3,AeroManager.updateClaimFee
DA:228,2
BRDA:228,18,0,-
BRDA:228,18,1,2
DA:229,2
DA:230,2
BRDA:230,19,0,1
BRDA:230,19,1,1
DA:231,1
DA:232,1
DA:233,1
DA:235,1
DA:236,1
DA:237,1
DA:241,2
FN:241,AeroManager.acceptClaimFeeUpdate
FNDA:2,AeroManager.acceptClaimFeeUpdate
DA:242,2
BRDA:242,20,0,-
BRDA:242,20,1,2
DA:243,2
BRDA:243,21,0,1
BRDA:243,21,1,1
DA:244,1
DA:245,1
DA:246,1
DA:247,1
DA:248,1
DA:253,262
FN:253,AeroManager._getClaimFee
FNDA:262,AeroManager._getClaimFee
DA:254,262
DA:258,41
FN:258,AeroManager._addActivePool
FNDA:41,AeroManager._addActivePool
DA:259,41
BRDA:259,22,0,1
BRDA:259,22,1,40
DA:262,40
DA:263,40
BRDA:263,23,0,-
BRDA:263,23,1,40
DA:264,40
BRDA:264,24,0,-
BRDA:264,24,1,40
DA:266,40
DA:267,40
BRDA:267,25,0,-
BRDA:267,25,1,40
DA:268,40
BRDA:268,26,0,-
BRDA:268,26,1,40
DA:270,40
DA:271,40
DA:274,812
FN:274,AeroManager._requireClaimFeeLimit
FNDA:812,AeroManager._requireClaimFeeLimit
DA:275,812
BRDA:275,27,0,-
BRDA:275,27,1,812
DA:278,29247
FN:278,AeroManager._requireCallerIsActivePool
FNDA:29247,AeroManager._requireCallerIsActivePool
DA:279,29247
BRDA:279,28,0,-
BRDA:279,28,1,29247
DA:282,2
FN:282,AeroManager._requireCallerIsCollateralRegistry
FNDA:2,AeroManager._requireCallerIsCollateralRegistry
DA:283,2
BRDA:283,29,0,1
BRDA:283,29,1,1
FNF:20
FNH:17
LF:132
LH:112
BRF:58
BRH:28
end_of_record
TN:
SF:src/BoldToken.sol
DA:40,1266
FN:40,BoldToken.setBranchAddresses
FNDA:1266,BoldToken.setBranchAddresses
DA:46,1266
DA:47,1266
DA:49,1266
DA:50,1266
DA:52,1266
DA:53,1266
DA:55,1266
DA:56,1266
DA:59,0
FN:59,BoldToken.setBranchAddressesViaCollateralRegistry
FNDA:0,BoldToken.setBranchAddressesViaCollateralRegistry
DA:66,0
DA:69,0
BRDA:69,0,0,-
BRDA:69,0,1,-
DA:70,0
BRDA:70,1,0,-
BRDA:70,1,1,-
DA:71,0
BRDA:71,2,0,-
BRDA:71,2,1,-
DA:72,0
BRDA:72,3,0,-
BRDA:72,3,1,-
DA:74,0
DA:75,0
DA:77,0
DA:78,0
DA:80,0
DA:81,0
DA:83,0
DA:84,0
DA:87,810
FN:87,BoldToken.setCollateralRegistry
FNDA:810,BoldToken.setCollateralRegistry
DA:88,810
DA:89,810
DA:91,810
DA:96,323498
FN:96,BoldToken.mint
FNDA:323498,BoldToken.mint
DA:97,323498
DA:98,323498
DA:101,55626
FN:101,BoldToken.burn
FNDA:55626,BoldToken.burn
DA:102,55626
DA:103,55626
DA:106,69991
FN:106,BoldToken.sendToPool
FNDA:69991,BoldToken.sendToPool
DA:107,69991
DA:108,69991
DA:111,15547
FN:111,BoldToken.returnFromPool
FNDA:15547,BoldToken.returnFromPool
DA:112,15547
DA:113,15547
DA:118,512251
FN:118,BoldToken.transfer
FNDA:512251,BoldToken.transfer
DA:119,512251
DA:120,512251
DA:123,21
FN:123,BoldToken.transferFrom
FNDA:21,BoldToken.transferFrom
DA:128,21
DA:129,21
DA:134,512272
FN:134,BoldToken._requireValidRecipient
FNDA:512272,BoldToken._requireValidRecipient
DA:135,512272
BRDA:135,4,0,-
BRDA:135,4,1,512272
DA:141,323498
FN:141,BoldToken._requireCallerIsBOorAP
FNDA:323498,BoldToken._requireCallerIsBOorAP
DA:142,323498
BRDA:142,5,0,-
BRDA:142,5,1,323498
DA:148,55626
FN:148,BoldToken._requireCallerIsCRorBOorTMorSP
FNDA:55626,BoldToken._requireCallerIsCRorBOorTMorSP
DA:149,55626
BRDA:149,6,0,-
BRDA:149,6,1,55626
DA:156,85538
FN:156,BoldToken._requireCallerIsStabilityPool
FNDA:85538,BoldToken._requireCallerIsStabilityPool
DA:157,85538
BRDA:157,7,0,-
BRDA:157,7,1,85538
DA:160,0
FN:160,BoldToken._requireCallerIsCollateralRegistry
FNDA:0,BoldToken._requireCallerIsCollateralRegistry
DA:161,0
BRDA:161,8,0,-
BRDA:161,8,1,-
FNF:14
FNH:12
LF:55
LH:39
BRF:18
BRH:4
end_of_record
TN:
SF:src/BorrowerOperations.sol
DA:168,1266
FN:168,BorrowerOperations.constructor
FNDA:1266,BorrowerOperations.constructor
DA:173,1266
DA:175,1266
DA:177,1266
DA:179,1266
DA:180,1266
DA:181,1266
DA:182,1266
DA:184,1266
DA:185,1266
DA:186,1266
DA:187,1266
DA:188,1266
DA:190,1266
DA:191,1266
DA:192,1266
DA:193,1266
DA:194,1266
DA:197,1266
DA:201,0
BRDA:201,0,0,-
BRDA:201,0,1,1266
DA:202,0
DA:204,1266
DA:210,109539
FN:210,BorrowerOperations.openTrove
FNDA:109539,BorrowerOperations.openTrove
DA:223,109539
DA:225,108360
DA:227,108360
DA:244,63561
DA:246,63561
DA:248,63561
DA:251,69755
FN:251,BorrowerOperations.openTroveAndJoinInterestBatchManager
FNDA:69755,BorrowerOperations.openTroveAndJoinInterestBatchManager
DA:256,69755
DA:258,26620
DA:259,26620
DA:261,26620
DA:264,26620
DA:265,26620
DA:266,26620
DA:267,26620
DA:283,9004
DA:286,9004
DA:295,9004
DA:303,9004
DA:306,134980
FN:306,BorrowerOperations._openTrove
FNDA:134980,BorrowerOperations._openTrove
DA:321,134980
DA:323,127112
DA:326,127112
DA:327,127112
DA:328,127112
DA:330,127112
DA:334,127108
DA:335,127108
DA:337,120590
DA:338,120590
DA:341,120590
DA:343,120590
DA:344,120590
DA:345,120590
DA:347,120589
DA:348,120589
BRDA:348,1,0,-
BRDA:348,1,1,120589
DA:349,120589
DA:351,82624
DA:354,82624
BRDA:354,2,0,70999
BRDA:354,2,1,11625
DA:355,70999
DA:358,70999
DA:361,11625
DA:362,11625
DA:367,11625
DA:370,80427
DA:371,80427
DA:376,72567
DA:377,72567
DA:379,72567
DA:382,72567
DA:385,72565
DA:386,72565
DA:388,72565
DA:392,6793
FN:392,BorrowerOperations.addColl
FNDA:6793,BorrowerOperations.addColl
DA:393,6793
DA:394,6793
DA:396,1596
DA:397,1596
DA:399,1596
DA:408,7232
FN:408,BorrowerOperations.withdrawColl
FNDA:7232,BorrowerOperations.withdrawColl
DA:409,7232
DA:410,7232
DA:412,1582
DA:413,1582
DA:415,1582
DA:424,4725
FN:424,BorrowerOperations.withdrawBold
FNDA:4725,BorrowerOperations.withdrawBold
DA:425,4725
DA:426,4725
DA:428,883
DA:429,883
DA:430,883
DA:434,5642
FN:434,BorrowerOperations.repayBold
FNDA:5642,BorrowerOperations.repayBold
DA:435,5642
DA:436,5642
DA:438,1789
DA:439,1789
DA:441,1789
DA:449,1526
FN:449,BorrowerOperations._initTroveChange
FNDA:1526,BorrowerOperations._initTroveChange
DA:456,763
BRDA:456,3,0,763
BRDA:456,3,1,763
DA:457,763
DA:459,763
DA:462,703
BRDA:462,4,0,703
BRDA:462,4,1,823
DA:463,703
DA:465,823
DA:469,8443
FN:469,BorrowerOperations.adjustTrove
FNDA:8443,BorrowerOperations.adjustTrove
DA:477,8443
DA:478,8443
DA:480,1238
DA:481,1238
DA:482,1238
DA:485,37705
FN:485,BorrowerOperations.adjustZombieTrove
FNDA:37705,BorrowerOperations.adjustZombieTrove
DA:495,37705
DA:496,37705
DA:498,288
DA:499,288
DA:500,288
DA:502,30
DA:504,30
DA:505,30
DA:506,30
BRDA:506,5,0,4
DA:507,4
DA:508,4
DA:510,30
DA:520,71420
FN:520,BorrowerOperations.adjustTroveInterestRate
FNDA:71420,BorrowerOperations.adjustTroveInterestRate
DA:527,71420
DA:529,65807
DA:531,65807
DA:532,64623
DA:533,63456
DA:534,3558
DA:536,3234
DA:537,3234
DA:538,3229
DA:540,3228
DA:542,3228
DA:543,3228
DA:544,3228
DA:545,3228
DA:546,3228
DA:549,3228
BRDA:549,6,0,1364
DA:550,1364
DA:554,3111
DA:556,3111
DA:558,3111
DA:559,3111
DA:567,7376
FN:567,BorrowerOperations._adjustTrove
FNDA:7376,BorrowerOperations._adjustTrove
DA:573,7376
DA:575,6582
DA:576,6582
DA:577,6582
DA:579,6582
DA:580,6578
DA:584,6578
DA:586,6578
DA:587,6578
DA:589,6578
BRDA:589,7,0,3020
BRDA:589,7,1,3558
DA:590,3020
DA:593,3558
DA:600,6572
DA:603,6572
BRDA:603,8,0,2244
DA:604,2244
DA:605,2244
BRDA:605,9,0,90
DA:606,90
DA:608,2244
DA:611,6572
DA:614,6489
BRDA:614,10,0,2012
DA:615,2012
DA:618,6467
DA:619,6467
DA:621,6467
DA:622,6467
DA:623,6467
DA:624,6467
DA:625,2132
BRDA:625,11,0,2132
BRDA:625,11,1,2132
DA:626,2132
DA:628,2132
DA:631,2132
DA:632,2132
DA:633,2132
DA:634,2132
DA:635,2132
DA:636,2132
DA:637,2132
DA:639,4335
DA:640,4335
DA:641,4335
DA:642,4335
DA:646,6467
BRDA:646,12,0,1247
DA:647,1247
DA:648,1247
DA:649,1247
DA:651,1246
DA:652,330
BRDA:652,13,0,330
BRDA:652,13,1,916
DA:653,330
DA:655,330
DA:656,330
DA:659,916
DA:665,6466
DA:667,6290
DA:670,6290
DA:674,1811
BRDA:674,14,0,1811
BRDA:674,14,1,3153
DA:675,1811
DA:685,3153
DA:688,4964
DA:689,4964
DA:692,69189
FN:692,BorrowerOperations.closeTrove
FNDA:69189,BorrowerOperations.closeTrove
DA:693,69189
DA:694,69189
DA:695,69189
DA:699,69189
DA:700,5878
DA:701,5875
DA:703,5875
DA:706,5875
DA:708,2789
DA:709,2789
DA:710,2789
DA:711,2789
DA:712,2789
DA:714,2789
DA:715,2789
DA:716,2789
BRDA:716,15,0,637
BRDA:716,15,1,637
DA:717,637
DA:718,637
DA:719,637
DA:720,637
DA:721,637
DA:722,637
DA:723,637
DA:724,637
DA:726,2152
DA:730,2789
DA:731,2789
DA:732,2789
BRDA:732,16,0,2645
DA:734,2016
DA:743,1698
BRDA:743,17,0,413
DA:745,413
DA:748,1698
DA:751,1698
DA:753,1698
DA:756,1698
DA:758,1698
DA:761,69980
FN:761,BorrowerOperations.applyPendingDebt
FNDA:69980,BorrowerOperations.applyPendingDebt
DA:762,70290
DA:764,64962
DA:766,64962
DA:768,4951
DA:769,4951
DA:771,4634
DA:772,4634
DA:773,4634
DA:775,4634
DA:776,4634
DA:778,4634
BRDA:778,18,0,3605
BRDA:778,18,1,1029
DA:779,3605
DA:780,3605
DA:782,1029
DA:783,1029
DA:784,1029
DA:785,1029
DA:787,1029
DA:788,1029
DA:792,4634
DA:801,4633
DA:804,4633
BRDA:804,19,0,18
DA:805,18
DA:806,18
DA:812,10
FN:812,BorrowerOperations.getInterestIndividualDelegateOf
FNDA:10,BorrowerOperations.getInterestIndividualDelegateOf
DA:817,10
DA:820,31
FN:820,BorrowerOperations.setInterestIndividualDelegate
FNDA:31,BorrowerOperations.setInterestIndividualDelegate
DA:832,31
DA:833,30
DA:834,28
DA:835,25
DA:836,24
DA:838,23
DA:840,21
DA:843,21
BRDA:843,20,0,3
DA:846,3
DA:850,3
FN:850,BorrowerOperations.removeInterestIndividualDelegate
FNDA:3,BorrowerOperations.removeInterestIndividualDelegate
DA:851,3
DA:855,2
FN:855,BorrowerOperations.getInterestBatchManager
FNDA:2,BorrowerOperations.getInterestBatchManager
DA:856,2
DA:859,68316
FN:859,BorrowerOperations.registerBatchManager
FNDA:68316,BorrowerOperations.registerBatchManager
DA:866,68316
DA:867,62947
DA:868,54477
DA:869,53495
DA:871,52918
DA:872,51159
DA:875,49649
BRDA:875,21,0,442
DA:876,49207
BRDA:876,22,0,593
DA:878,48614
DA:881,48614
DA:884,66321
FN:884,BorrowerOperations.lowerBatchManagementFee
FNDA:66321,BorrowerOperations.lowerBatchManagementFee
DA:885,66321
DA:886,61357
DA:888,7985
DA:890,7985
DA:891,7985
BRDA:891,23,0,223
DA:892,223
DA:896,7762
DA:904,7762
DA:905,7762
DA:906,7762
DA:907,7762
DA:908,7762
DA:909,7762
DA:912,7762
DA:915,71405
FN:915,BorrowerOperations.setBatchManagerAnnualInterestRate
FNDA:71405,BorrowerOperations.setBatchManagerAnnualInterestRate
DA:921,71405
DA:922,66347
DA:923,11593
DA:927,11415
DA:928,11415
DA:930,11415
DA:931,11415
DA:933,7596
DA:935,7596
DA:936,7596
DA:937,7596
DA:938,7596
DA:939,7596
DA:940,7596
DA:944,7596
DA:945,7564
DA:946,3075
BRDA:946,24,0,3075
DA:947,3075
DA:949,3075
DA:950,3075
DA:951,3075
DA:953,3075
DA:956,3075
DA:957,3075
DA:961,3075
DA:962,3075
DA:965,7595
DA:968,7595
BRDA:968,25,0,1177
DA:969,1177
DA:972,7595
DA:977,68156
FN:977,BorrowerOperations.setInterestBatchManager
FNDA:68156,BorrowerOperations.setInterestBatchManager
DA:984,68164
DA:985,62936
DA:986,62936
DA:987,62936
DA:988,62936
DA:990,62936
DA:991,4148
DA:992,4145
DA:993,2220
DA:995,1538
DA:997,1538
BRDA:997,26,0,1
DA:999,1538
DA:1000,1538
DA:1002,1538
DA:1003,1538
DA:1004,1538
DA:1005,1538
DA:1006,1538
DA:1008,1538
DA:1014,1538
DA:1018,916
DA:1022,916
DA:1023,916
DA:1025,916
DA:1027,916
DA:1039,916
DA:1040,916
DA:1045,468
FN:1045,BorrowerOperations.kickFromBatch
FNDA:468,BorrowerOperations.kickFromBatch
DA:1046,468
DA:1056,67914
FN:1056,BorrowerOperations.removeFromBatch
FNDA:67914,BorrowerOperations.removeFromBatch
DA:1063,67926
DA:1073,68394
FN:1073,BorrowerOperations._removeFromBatch
FNDA:68394,BorrowerOperations._removeFromBatch
DA:1081,68394
DA:1083,63031
DA:1084,63031
DA:1085,63031
DA:1087,468
BRDA:1087,27,0,468
BRDA:1087,27,1,62563
DA:1088,468
DA:1090,62563
DA:1091,4153
DA:1092,4153
DA:1095,4561
DA:1096,1538
DA:1097,1538
DA:1099,468
BRDA:1099,28,0,468
DA:1100,468
BRDA:1100,29,0,467
DA:1101,467
DA:1103,1
DA:1108,1071
BRDA:1108,30,0,1070
DA:1110,1070
DA:1112,1070
DA:1115,1071
DA:1118,1071
DA:1119,1071
DA:1120,1071
DA:1121,1071
DA:1122,1071
DA:1127,1071
DA:1128,1056
DA:1129,529
BRDA:1129,31,0,529
DA:1130,529
DA:1135,1024
DA:1138,1024
DA:1139,1024
DA:1141,1024
DA:1143,1024
DA:1155,9
FN:1155,BorrowerOperations.switchBatchManager
FNDA:9,BorrowerOperations.switchBatchManager
DA:1164,9
DA:1165,9
DA:1167,9
DA:1169,9
DA:1170,8
DA:1173,3431
FN:1173,BorrowerOperations._applyUpfrontFee
FNDA:3431,BorrowerOperations._applyUpfrontFee
DA:1180,3431
DA:1182,3431
DA:1183,3431
DA:1184,3431
DA:1186,3430
DA:1189,3430
DA:1190,1538
BRDA:1190,32,0,1538
BRDA:1190,32,1,1892
DA:1191,1538
DA:1193,1892
DA:1198,2834
DA:1199,2834
DA:1201,2645
DA:1204,128343
FN:1204,BorrowerOperations._calcUpfrontFee
FNDA:128343,BorrowerOperations._calcUpfrontFee
DA:1205,128343
DA:1209,10690
FN:1209,BorrowerOperations.onLiquidateTrove
FNDA:10690,BorrowerOperations.onLiquidateTrove
DA:1210,10690
DA:1212,10690
DA:1215,12388
FN:1215,BorrowerOperations._wipeTroveMappings
FNDA:12388,BorrowerOperations._wipeTroveMappings
DA:1218,12388
DA:1224,92
FN:1224,BorrowerOperations.claimCollateral
FNDA:92,BorrowerOperations.claimCollateral
DA:1226,92
DA:1229,68283
FN:1229,BorrowerOperations.shutdown
FNDA:68283,BorrowerOperations.shutdown
DA:1230,5632
BRDA:1230,33,0,5632
DA:1232,62651
DA:1233,62651
DA:1234,62651
DA:1236,0
BRDA:1236,34,0,-
DA:1239,62651
DA:1240,62651
BRDA:1240,35,0,56755
DA:1242,5896
DA:1244,5896
DA:1248,44
FN:1248,BorrowerOperations.shutdownFromOracleFailure
FNDA:44,BorrowerOperations.shutdownFromOracleFailure
DA:1249,44
DA:1253,44
BRDA:1253,36,0,44
DA:1255,44
DA:1258,5940
FN:1258,BorrowerOperations._applyShutdown
FNDA:5940,BorrowerOperations._applyShutdown
DA:1259,5940
DA:1260,5940
DA:1261,5940
DA:1266,48
FN:1266,BorrowerOperations._reInsertIntoSortedTroves
FNDA:48,BorrowerOperations._reInsertIntoSortedTroves
DA:1275,48
BRDA:1275,37,0,40
BRDA:1275,37,1,8
DA:1276,40
DA:1278,8
DA:1286,4964
FN:1286,BorrowerOperations._moveTokensFromAdjustment
FNDA:4964,BorrowerOperations._moveTokensFromAdjustment
DA:1292,4964
BRDA:1292,38,0,685
BRDA:1292,38,1,1945
DA:1294,685
BRDA:1294,39,0,-
BRDA:1294,39,1,685
DA:1295,685
DA:1296,4279
BRDA:1296,40,0,1945
DA:1297,1945
DA:1300,4964
BRDA:1300,41,0,1658
BRDA:1300,41,1,1268
DA:1302,1658
DA:1303,3306
BRDA:1303,42,0,1268
DA:1305,1268
DA:1309,74225
FN:1309,BorrowerOperations._pullCollAndSendToActivePool
FNDA:74225,BorrowerOperations._pullCollAndSendToActivePool
DA:1311,74225
DA:1313,74223
DA:1316,206
FN:1316,BorrowerOperations.checkBatchManagerExists
FNDA:206,BorrowerOperations.checkBatchManagerExists
DA:1317,206
DA:1322,626697
FN:1322,BorrowerOperations._requireIsNotShutDown
FNDA:626697,BorrowerOperations._requireIsNotShutDown
DA:1323,45586
BRDA:1323,43,0,45586
DA:1324,45586
DA:1328,6572
FN:1328,BorrowerOperations._requireNonZeroAdjustment
FNDA:6572,BorrowerOperations._requireNonZeroAdjustment
DA:1330,6572
DA:1331,1798
DA:1332,83
BRDA:1332,44,0,83
DA:1333,83
DA:1337,63456
FN:1337,BorrowerOperations._requireSenderIsOwnerOrInterestManager
FNDA:63456,BorrowerOperations._requireSenderIsOwnerOrInterestManager
DA:1338,63456
DA:1339,3559
BRDA:1339,45,0,1
DA:1340,1
DA:1344,3234
FN:1344,BorrowerOperations._requireValidDelegateAdjustment
FNDA:3234,BorrowerOperations._requireValidDelegateAdjustment
DA:1349,3234
DA:1352,3234
BRDA:1352,46,0,13
DA:1353,13
DA:1356,11
DA:1362,66843
FN:1362,BorrowerOperations._requireIsNotInBatch
FNDA:66843,BorrowerOperations._requireIsNotInBatch
DA:1363,66843
BRDA:1363,47,0,1849
DA:1364,1849
DA:1368,4570
FN:1368,BorrowerOperations._requireIsInBatch
FNDA:4570,BorrowerOperations._requireIsInBatch
DA:1369,4570
DA:1370,4570
BRDA:1370,48,0,3023
DA:1371,3023
DA:1374,1547
DA:1377,127108
FN:1377,BorrowerOperations._requireTroveDoesNotExist
FNDA:127108,BorrowerOperations._requireTroveDoesNotExist
DA:1378,127108
DA:1379,127108
BRDA:1379,49,0,6518
DA:1380,6518
DA:1384,77883
FN:1384,BorrowerOperations._requireTroveIsOpen
FNDA:77883,BorrowerOperations._requireTroveIsOpen
DA:1385,77883
DA:1386,77883
BRDA:1386,50,0,60011
DA:1387,60011
DA:1391,161922
FN:1391,BorrowerOperations._requireTroveIsActive
FNDA:161922,BorrowerOperations._requireTroveIsActive
DA:1392,161922
DA:1393,161922
BRDA:1393,51,0,143271
DA:1394,143271
DA:1398,37705
FN:1398,BorrowerOperations._requireTroveIsZombie
FNDA:37705,BorrowerOperations._requireTroveIsZombie
DA:1399,37705
BRDA:1399,52,0,37417
DA:1400,37417
DA:1404,43409
FN:1404,BorrowerOperations._checkTroveIsZombie
FNDA:43409,BorrowerOperations._checkTroveIsZombie
DA:1405,43409
DA:1406,43409
DA:1409,4951
FN:1409,BorrowerOperations._requireNonZeroDebt
FNDA:4951,BorrowerOperations._requireNonZeroDebt
DA:1410,4951
BRDA:1410,53,0,317
DA:1411,317
DA:1415,128343
FN:1415,BorrowerOperations._requireUserAcceptsUpfrontFee
FNDA:128343,BorrowerOperations._requireUserAcceptsUpfrontFee
DA:1416,128343
BRDA:1416,54,0,3
DA:1417,3
DA:1421,6290
FN:1421,BorrowerOperations._requireValidAdjustmentInCurrentMode
FNDA:6290,BorrowerOperations._requireValidAdjustmentInCurrentMode
DA:1440,2097
BRDA:1440,55,0,2097
BRDA:1440,55,1,4193
DA:1441,2097
DA:1443,4193
DA:1446,5155
DA:1447,361
BRDA:1447,56,0,361
BRDA:1447,56,1,4794
DA:1448,361
DA:1449,329
DA:1452,4794
DA:1456,77084
FN:1456,BorrowerOperations._requireICRisAboveMCR
FNDA:77084,BorrowerOperations._requireICRisAboveMCR
DA:1457,77084
BRDA:1457,57,0,2634
DA:1458,2634
DA:1462,15260
FN:1462,BorrowerOperations._requireICRisAboveMCRPlusBCR
FNDA:15260,BorrowerOperations._requireICRisAboveMCRPlusBCR
DA:1463,15260
BRDA:1463,58,0,1294
DA:1464,1294
DA:1468,361
FN:1468,BorrowerOperations._requireNoBorrowingUnlessNewTCRisAboveCCR
FNDA:361,BorrowerOperations._requireNoBorrowingUnlessNewTCRisAboveCCR
DA:1469,361
BRDA:1469,59,0,32
DA:1470,32
DA:1474,329
FN:1474,BorrowerOperations._requireDebtRepaymentGeCollWithdrawal
FNDA:329,BorrowerOperations._requireDebtRepaymentGeCollWithdrawal
DA:1475,50
BRDA:1475,60,0,50
DA:1476,50
DA:1480,93775
FN:1480,BorrowerOperations._requireNewTCRisAboveCCR
FNDA:93775,BorrowerOperations._requireNewTCRisAboveCCR
DA:1481,93775
BRDA:1481,61,0,8932
DA:1482,8932
DA:1486,127055
FN:1486,BorrowerOperations._requireAtLeastMinDebt
FNDA:127055,BorrowerOperations._requireAtLeastMinDebt
DA:1487,127055
BRDA:1487,62,0,38141
DA:1488,38141
DA:1492,2012
FN:1492,BorrowerOperations._requireValidCollWithdrawal
FNDA:2012,BorrowerOperations._requireValidCollWithdrawal
DA:1493,2012
BRDA:1493,63,0,22
DA:1494,22
DA:1498,8119
FN:1498,BorrowerOperations._requireSufficientBoldBalance
FNDA:8119,BorrowerOperations._requireSufficientBoldBalance
DA:1502,8119
BRDA:1502,64,0,3086
DA:1503,3086
DA:1507,287520
FN:1507,BorrowerOperations._requireValidAnnualInterestRate
FNDA:287520,BorrowerOperations._requireValidAnnualInterestRate
DA:1508,287520
BRDA:1508,65,0,2054
DA:1509,2054
DA:1511,285466
BRDA:1511,66,0,1930
DA:1512,1930
DA:1516,3229
FN:1516,BorrowerOperations._requireAnnualInterestRateIsNew
FNDA:3229,BorrowerOperations._requireAnnualInterestRateIsNew
DA:1520,3229
BRDA:1520,67,0,1
DA:1521,1
DA:1525,52941
FN:1525,BorrowerOperations._requireOrderedRange
FNDA:52941,BorrowerOperations._requireOrderedRange
DA:1526,52941
BRDA:1526,68,0,1761
DA:1529,11593
FN:1529,BorrowerOperations._requireInterestRateInBatchManagerRange
FNDA:11593,BorrowerOperations._requireInterestRateInBatchManagerRange
DA:1533,11593
DA:1534,11593
DA:1539,62765
FN:1539,BorrowerOperations._requireInterestRateInRange
FNDA:62765,BorrowerOperations._requireInterestRateInRange
DA:1544,62765
BRDA:1544,69,0,1690
DA:1545,1690
DA:1549,11415
FN:1549,BorrowerOperations._requireBatchInterestRateChangePeriodPassed
FNDA:11415,BorrowerOperations._requireBatchInterestRateChangePeriodPassed
DA:1553,11415
DA:1554,11415
BRDA:1554,70,0,3819
DA:1555,3819
DA:1559,11
FN:1559,BorrowerOperations._requireDelegateInterestRateChangePeriodPassed
FNDA:11,BorrowerOperations._requireDelegateInterestRateChangePeriodPassed
DA:1563,11
BRDA:1563,71,0,3
DA:1564,3
DA:1568,201604
FN:1568,BorrowerOperations._requireValidInterestBatchManager
FNDA:201604,BorrowerOperations._requireValidInterestBatchManager
DA:1569,201604
BRDA:1569,72,0,153186
DA:1570,153186
DA:1574,62947
FN:1574,BorrowerOperations._requireNonExistentInterestBatchManager
FNDA:62947,BorrowerOperations._requireNonExistentInterestBatchManager
DA:1575,62947
BRDA:1575,73,0,8470
DA:1576,8470
DA:1580,9
FN:1580,BorrowerOperations._requireNewInterestBatchManager
FNDA:9,BorrowerOperations._requireNewInterestBatchManager
DA:1584,9
BRDA:1584,74,0,-
DA:1585,0
DA:1589,10690
FN:1589,BorrowerOperations._requireCallerIsTroveManager
FNDA:10690,BorrowerOperations._requireCallerIsTroveManager
DA:1590,10690
BRDA:1590,75,0,-
DA:1591,0
DA:1595,44
FN:1595,BorrowerOperations._requireCallerIsPriceFeed
FNDA:44,BorrowerOperations._requireCallerIsPriceFeed
DA:1596,44
BRDA:1596,76,0,-
DA:1597,0
DA:1601,140200
FN:1601,BorrowerOperations._requireOraclesLive
FNDA:140200,BorrowerOperations._requireOraclesLive
DA:1602,140200
DA:1603,8
BRDA:1603,77,0,8
DA:1604,8
DA:1607,140192
DA:1612,94280
FN:1612,BorrowerOperations._getNewTCRFromTroveChange
FNDA:94280,BorrowerOperations._getNewTCRFromTroveChange
DA:1617,94280
DA:1618,94280
DA:1619,94280
DA:1621,94280
DA:1622,94280
DA:1623,94280
DA:1624,94280
DA:1626,94280
FNF:75
FNH:75
LF:609
LH:603
BRF:97
BRH:90
end_of_record
TN:
SF:src/CollSurplusPool.sol
DA:32,1266
FN:32,CollSurplusPool.constructor
FNDA:1266,CollSurplusPool.constructor
DA:33,1266
DA:34,1266
DA:35,1266
DA:37,1266
DA:38,1266
DA:43,261
FN:43,CollSurplusPool.getCollBalance
FNDA:261,CollSurplusPool.getCollBalance
DA:44,261
DA:47,9892
FN:47,CollSurplusPool.getCollateral
FNDA:9892,CollSurplusPool.getCollateral
DA:48,9892
DA:53,7135
FN:53,CollSurplusPool.accountSurplus
FNDA:7135,CollSurplusPool.accountSurplus
DA:54,7135
DA:56,7135
DA:57,7135
DA:58,7135
DA:60,7135
DA:63,92
FN:63,CollSurplusPool.claimColl
FNDA:92,CollSurplusPool.claimColl
DA:64,92
DA:65,92
DA:66,92
BRDA:66,0,0,1
BRDA:66,0,1,91
DA:68,91
DA:69,91
DA:71,91
DA:72,91
DA:74,91
DA:79,92
FN:79,CollSurplusPool._requireCallerIsBorrowerOperations
FNDA:92,CollSurplusPool._requireCallerIsBorrowerOperations
DA:80,92
BRDA:80,1,0,-
BRDA:80,1,1,92
DA:83,7135
FN:83,CollSurplusPool._requireCallerIsTroveManager
FNDA:7135,CollSurplusPool._requireCallerIsTroveManager
DA:84,7135
BRDA:84,2,0,-
BRDA:84,2,1,7135
FNF:7
FNH:7
LF:29
LH:29
BRF:6
BRH:4
end_of_record
TN:
SF:src/CollateralRegistry.sol
DA:54,810
FN:54,CollateralRegistry.constructor
FNDA:810,CollateralRegistry.constructor
DA:55,810
DA:56,810
BRDA:56,0,0,-
BRDA:56,0,1,810
DA:57,810
BRDA:57,1,0,-
BRDA:57,1,1,810
DA:58,810
DA:60,810
DA:61,810
DA:63,810
BRDA:63,2,0,-
BRDA:63,2,1,810
DA:65,810
DA:66,1266
DA:67,1266
DA:70,810
DA:71,810
DA:74,810
DA:75,810
DA:86,0
FN:86,CollateralRegistry.createNewBranch
FNDA:0,CollateralRegistry.createNewBranch
DA:87,0
BRDA:87,3,0,-
BRDA:87,3,1,-
DA:89,0
DA:90,0
DA:91,0
DA:92,0
DA:93,0
DA:95,0
BRDA:95,4,0,-
BRDA:95,4,1,-
DA:96,0
BRDA:96,5,0,-
BRDA:96,5,1,-
DA:97,0
BRDA:97,6,0,-
BRDA:97,6,1,-
DA:98,0
BRDA:98,7,0,-
BRDA:98,7,1,-
DA:99,0
BRDA:99,8,0,-
BRDA:99,8,1,-
DA:100,0
BRDA:100,9,0,-
BRDA:100,9,1,-
DA:101,0
BRDA:101,10,0,-
BRDA:101,10,1,-
DA:103,0
DA:104,0
BRDA:104,11,0,-
BRDA:104,11,1,-
DA:105,0
BRDA:105,12,0,-
BRDA:105,12,1,-
DA:106,0
DA:107,0
DA:108,0
DA:110,0
DA:111,0
DA:112,0
DA:116,0
DA:123,0
DA:124,0
DA:127,0
BRDA:127,13,0,-
DA:128,0
DA:139,68349
FN:139,CollateralRegistry.redeemCollateral
FNDA:68349,CollateralRegistry.redeemCollateral
DA:142,68349
DA:143,68349
DA:145,48269
DA:147,48269
DA:148,48269
DA:149,48269
DA:152,48269
DA:153,145788
DA:154,145788
DA:155,145788
DA:156,145788
DA:157,118309
BRDA:157,14,0,118309
DA:158,118309
DA:159,118309
DA:165,48269
BRDA:165,15,0,11600
BRDA:165,15,1,36669
DA:166,11600
DA:167,11600
DA:168,34353
DA:169,34353
DA:170,17770
BRDA:170,16,0,17770
DA:171,17770
DA:172,17770
DA:173,17770
DA:180,36669
BRDA:180,17,0,6
DA:181,6
DA:185,48269
DA:191,48269
DA:192,48269
DA:193,48269
BRDA:193,18,0,-
BRDA:193,18,1,48269
DA:198,48269
DA:200,145788
BRDA:200,19,0,51704
DA:201,51704
DA:202,51704
BRDA:202,20,0,51313
DA:203,51313
DA:204,51313
DA:207,51313
DA:211,51704
DA:212,51704
DA:216,48269
DA:219,48269
BRDA:219,21,0,37008
DA:220,37008
DA:227,48269
FN:227,CollateralRegistry._updateLastFeeOpTime
FNDA:48269,CollateralRegistry._updateLastFeeOpTime
DA:228,48269
DA:230,48269
BRDA:230,22,0,24821
DA:231,24821
DA:232,24821
DA:236,145336
FN:236,CollateralRegistry._minutesPassedSinceLastFeeOp
FNDA:145336,CollateralRegistry._minutesPassedSinceLastFeeOp
DA:237,145336
DA:241,48269
FN:241,CollateralRegistry._updateBaseRateAndGetRedemptionRate
FNDA:48269,CollateralRegistry._updateBaseRateAndGetRedemptionRate
DA:242,48269
DA:247,48269
DA:248,48269
DA:250,48269
DA:259,97066
FN:259,CollateralRegistry._getUpdatedBaseRateFromRedemption
FNDA:97066,CollateralRegistry._getUpdatedBaseRateFromRedemption
DA:265,97066
DA:268,97066
DA:270,97066
DA:271,97066
DA:273,97066
DA:276,97067
FN:276,CollateralRegistry._calcDecayedBaseRate
FNDA:97067,CollateralRegistry._calcDecayedBaseRate
DA:277,97067
DA:278,97067
DA:280,97067
DA:283,48799
FN:283,CollateralRegistry._calcRedemptionRate
FNDA:48799,CollateralRegistry._calcRedemptionRate
DA:284,48799
DA:290,271
FN:290,CollateralRegistry._calcRedemptionFee
FNDA:271,CollateralRegistry._calcRedemptionFee
DA:291,271
DA:292,271
DA:297,1
FN:297,CollateralRegistry.getRedemptionRate
FNDA:1,CollateralRegistry.getRedemptionRate
DA:298,1
DA:301,0
FN:301,CollateralRegistry.getRedemptionRateWithDecay
FNDA:0,CollateralRegistry.getRedemptionRateWithDecay
DA:302,1
DA:305,258
FN:305,CollateralRegistry.getRedemptionRateForRedeemedAmount
FNDA:258,CollateralRegistry.getRedemptionRateForRedeemedAmount
DA:306,258
DA:307,258
DA:308,258
DA:311,1
FN:311,CollateralRegistry.getRedemptionFeeWithDecay
FNDA:1,CollateralRegistry.getRedemptionFeeWithDecay
DA:312,1
DA:315,270
FN:315,CollateralRegistry.getEffectiveRedemptionFeeInBold
FNDA:270,CollateralRegistry.getEffectiveRedemptionFeeInBold
DA:316,270
DA:317,270
DA:318,270
DA:323,28
FN:323,CollateralRegistry.getToken
FNDA:28,CollateralRegistry.getToken
DA:324,28
DA:327,0
FN:327,CollateralRegistry.getNonRedeemableToken
FNDA:0,CollateralRegistry.getNonRedeemableToken
DA:328,0
DA:334,1390640
FN:334,CollateralRegistry.getTroveManager
FNDA:1390640,CollateralRegistry.getTroveManager
DA:335,1622094
DA:338,0
FN:338,CollateralRegistry.getNonRedeemableTroveManager
FNDA:0,CollateralRegistry.getNonRedeemableTroveManager
DA:339,0
DA:343,0
FN:343,CollateralRegistry.getAllTroveManagers
FNDA:0,CollateralRegistry.getAllTroveManagers
DA:344,0
DA:345,0
DA:346,0
DA:348,0
DA:349,0
DA:351,0
DA:354,1584
FN:354,CollateralRegistry.getTroveManagers
FNDA:1584,CollateralRegistry.getTroveManagers
DA:355,1584
DA:358,810
FN:358,CollateralRegistry.getNonRedeemableTroveManagers
FNDA:810,CollateralRegistry.getNonRedeemableTroveManagers
DA:359,810
DA:363,0
FN:363,CollateralRegistry.updateDebtLimit
FNDA:0,CollateralRegistry.updateDebtLimit
DA:365,0
DA:366,0
BRDA:366,23,0,-
DA:367,0
BRDA:367,24,0,-
BRDA:367,24,1,-
DA:369,0
DA:372,0
FN:372,CollateralRegistry.getDebtLimit
FNDA:0,CollateralRegistry.getDebtLimit
DA:373,0
DA:377,0
FN:377,CollateralRegistry.updateNonRedeemableDebtLimit
FNDA:0,CollateralRegistry.updateNonRedeemableDebtLimit
DA:379,0
DA:380,0
BRDA:380,25,0,-
DA:381,0
BRDA:381,26,0,-
BRDA:381,26,1,-
DA:383,0
DA:386,0
FN:386,CollateralRegistry.getNonRedeemableDebtLimit
FNDA:0,CollateralRegistry.getNonRedeemableDebtLimit
DA:387,0
DA:392,68349
FN:392,CollateralRegistry._requireValidMaxFeePercentage
FNDA:68349,CollateralRegistry._requireValidMaxFeePercentage
DA:393,68349
BRDA:393,27,0,-
BRDA:393,27,1,68349
DA:399,68349
FN:399,CollateralRegistry._requireAmountGreaterThanZero
FNDA:68349,CollateralRegistry._requireAmountGreaterThanZero
DA:400,68349
BRDA:400,28,0,20080
BRDA:400,28,1,48269
DA:406,17
FN:406,CollateralRegistry.proposeGovernor
FNDA:17,CollateralRegistry.proposeGovernor
DA:407,16
BRDA:407,29,0,1
BRDA:407,29,1,15
DA:408,15
BRDA:408,30,0,1
BRDA:408,30,1,14
DA:410,14
DA:411,14
DA:413,14
DA:419,8
FN:419,CollateralRegistry.acceptGovernor
FNDA:8,CollateralRegistry.acceptGovernor
DA:420,8
BRDA:420,31,0,2
BRDA:420,31,1,6
DA:421,6
BRDA:421,32,0,2
BRDA:421,32,1,4
DA:426,4
DA:427,4
DA:428,4
DA:429,4
DA:431,4
DA:437,4
FN:437,CollateralRegistry.cancelGovernorProposal
FNDA:4,CollateralRegistry.cancelGovernorProposal
DA:438,3
BRDA:438,33,0,1
BRDA:438,33,1,2
DA:439,2
DA:440,2
DA:441,2
DA:442,2
DA:445,0
FN:445,CollateralRegistry.updateCollateralGovernor
FNDA:0,CollateralRegistry.updateCollateralGovernor
DA:446,0
DA:447,0
DA:448,0
DA:451,0
FN:451,CollateralRegistry.onlyGovernor
FNDA:0,CollateralRegistry.onlyGovernor
DA:452,0
BRDA:452,34,0,1
BRDA:452,34,1,3
FNF:33
FNH:22
LF:189
LH:129
BRF:60
BRH:28
end_of_record
TN:
SF:src/DebtInFrontHelper.sol
DA:20,2
FN:20,DebtInFrontHelper.constructor
FNDA:2,DebtInFrontHelper.constructor
DA:21,2
DA:22,2
DA:25,416
FN:25,DebtInFrontHelper._findHint
FNDA:416,DebtInFrontHelper._findHint
DA:33,416
DA:37,416
DA:38,416
DA:40,416
DA:43,512
FN:43,DebtInFrontHelper._getDebtBetween
FNDA:512,DebtInFrontHelper._getDebtBetween
DA:52,512
DA:53,512
BRDA:53,0,0,-
BRDA:53,0,1,512
DA:55,512
DA:56,512
DA:58,512
BRDA:58,1,0,416
DA:59,416
DA:73,416
DA:76,512
DA:78,2292
DA:79,2292
DA:80,2292
BRDA:80,2,0,405
DA:82,1887
BRDA:82,3,0,214
BRDA:82,3,1,107
DA:83,107
BRDA:83,4,0,107
DA:85,1673
DA:88,1780
DA:91,512
DA:94,256
FN:94,DebtInFrontHelper.getDebtBetweenInterestRates
FNDA:256,DebtInFrontHelper.getDebtBetweenInterestRates
DA:102,256
DA:103,256
DA:106,256
FN:106,DebtInFrontHelper.getDebtBetweenInterestRateAndTrove
FNDA:256,DebtInFrontHelper.getDebtBetweenInterestRateAndTrove
DA:114,256
DA:115,256
FNF:5
FNH:5
LF:31
LH:31
BRF:7
BRH:6
end_of_record
TN:
SF:src/DefaultPool.sol
DA:35,1266
FN:35,DefaultPool.constructor
FNDA:1266,DefaultPool.constructor
DA:36,1266
DA:37,1266
DA:38,1266
DA:40,1266
DA:41,1266
DA:42,1266
DA:45,1266
DA:55,1076965
FN:55,DefaultPool.getCollBalance
FNDA:1076965,DefaultPool.getCollBalance
DA:56,1076965
DA:59,1806866
FN:59,DefaultPool.getBoldDebt
FNDA:1806866,DefaultPool.getBoldDebt
DA:60,1806866
DA:65,760
FN:65,DefaultPool.sendCollToActivePool
FNDA:760,DefaultPool.sendCollToActivePool
DA:66,760
DA:67,760
DA:68,760
DA:69,760
DA:72,760
DA:75,3497
FN:75,DefaultPool.receiveColl
FNDA:3497,DefaultPool.receiveColl
DA:76,3497
DA:78,3497
DA:79,3497
DA:82,3497
DA:84,3497
DA:87,3497
FN:87,DefaultPool.increaseBoldDebt
FNDA:3497,DefaultPool.increaseBoldDebt
DA:88,3497
DA:89,3497
DA:90,3497
DA:93,760
FN:93,DefaultPool.decreaseBoldDebt
FNDA:760,DefaultPool.decreaseBoldDebt
DA:94,760
DA:95,760
DA:96,760
DA:101,3497
FN:101,DefaultPool._requireCallerIsActivePool
FNDA:3497,DefaultPool._requireCallerIsActivePool
DA:102,3497
BRDA:102,0,0,-
BRDA:102,0,1,3497
DA:105,5017
FN:105,DefaultPool._requireCallerIsTroveManager
FNDA:5017,DefaultPool._requireCallerIsTroveManager
DA:106,5017
BRDA:106,1,0,-
BRDA:106,1,1,5017
FNF:9
FNH:9
LF:36
LH:36
BRF:4
BRH:2
end_of_record
TN:
SF:src/Dependencies/AddRemoveManagers.sol
DA:46,3217
FN:46,AddRemoveManagers.constructor
FNDA:3217,AddRemoveManagers.constructor
DA:47,3217
DA:48,3217
DA:51,13
FN:51,AddRemoveManagers.setAddManager
FNDA:13,AddRemoveManagers.setAddManager
DA:52,13
DA:53,11
DA:56,72637
FN:56,AddRemoveManagers._setAddManager
FNDA:72637,AddRemoveManagers._setAddManager
DA:57,72637
DA:58,72637
DA:61,10
FN:61,AddRemoveManagers.setRemoveManager
FNDA:10,AddRemoveManagers.setRemoveManager
DA:62,10
DA:65,53
FN:65,AddRemoveManagers.setRemoveManagerWithReceiver
FNDA:53,AddRemoveManagers.setRemoveManagerWithReceiver
DA:66,63
DA:67,61
DA:70,72693
FN:70,AddRemoveManagers._setRemoveManagerAndReceiver
FNDA:72693,AddRemoveManagers._setRemoveManagerAndReceiver
DA:71,72693
DA:72,72690
DA:73,72690
DA:74,72690
DA:77,12388
FN:77,AddRemoveManagers._wipeAddRemoveManagers
FNDA:12388,AddRemoveManagers._wipeAddRemoveManagers
DA:80,12388
DA:81,12388
DA:84,72693
FN:84,AddRemoveManagers._requireNonZeroManagerUnlessWiping
FNDA:72693,AddRemoveManagers._requireNonZeroManagerUnlessWiping
DA:85,72693
BRDA:85,0,0,3
DA:86,3
DA:90,8408
FN:90,AddRemoveManagers._requireCallerIsBorrower
FNDA:8408,AddRemoveManagers._requireCallerIsBorrower
DA:91,8408
BRDA:91,1,0,12
DA:92,12
DA:96,3569
FN:96,AddRemoveManagers._requireSenderIsOwnerOrAddManager
FNDA:3569,AddRemoveManagers._requireSenderIsOwnerOrAddManager
DA:97,3569
DA:98,3569
BRDA:98,2,0,4
DA:100,4
DA:101,4
BRDA:101,3,0,2
DA:102,2
DA:107,8943
FN:107,AddRemoveManagers._requireSenderIsOwnerOrRemoveManagerAndGetReceiver
FNDA:8943,AddRemoveManagers._requireSenderIsOwnerOrRemoveManagerAndGetReceiver
DA:112,8943
DA:113,8943
DA:114,8943
BRDA:114,4,0,7
DA:115,7
DA:117,8936
BRDA:117,5,0,8886
DA:118,8886
DA:120,50
FNF:11
FNH:11
LF:42
LH:42
BRF:6
BRH:6
end_of_record
TN:
SF:src/Dependencies/FixedPointMathLib.sol
DA:17,3126
FN:17,FixedPointMathLib.mulWadDown
FNDA:3126,FixedPointMathLib.mulWadDown
DA:18,3126
DA:21,0
FN:21,FixedPointMathLib.mulWadUp
FNDA:0,FixedPointMathLib.mulWadUp
DA:22,0
DA:25,0
FN:25,FixedPointMathLib.divWadDown
FNDA:0,FixedPointMathLib.divWadDown
DA:26,0
DA:29,0
FN:29,FixedPointMathLib.divWadUp
FNDA:0,FixedPointMathLib.divWadUp
DA:30,0
DA:37,3126
FN:37,FixedPointMathLib.mulDivDown
FNDA:3126,FixedPointMathLib.mulDivDown
DA:45,3126
BRDA:45,0,0,-
DA:48,0
DA:52,3126
DA:56,0
FN:56,FixedPointMathLib.mulDivUp
FNDA:0,FixedPointMathLib.mulDivUp
DA:64,0
BRDA:64,1,0,-
DA:67,0
DA:72,0
DA:79,6252
FN:79,FixedPointMathLib.rpow
FNDA:6252,FixedPointMathLib.rpow
DA:87,6252
DA:89,0
DA:91,0
DA:93,0
DA:95,0
DA:98,6252
DA:99,6252
DA:100,6252
DA:102,2084
DA:104,4168
DA:106,4168
DA:110,6252
DA:114,6252
DA:117,6252
DA:118,6252
DA:121,6252
BRDA:121,2,0,-
DA:122,0
DA:126,6252
DA:129,6252
DA:132,6252
BRDA:132,3,0,-
DA:133,0
DA:137,6252
DA:140,6252
BRDA:140,4,0,-
DA:142,6252
DA:145,6252
BRDA:145,5,0,-
DA:147,0
BRDA:147,6,0,-
DA:148,0
DA:153,6252
DA:156,6252
BRDA:156,7,0,-
DA:157,0
DA:161,6252
DA:172,10838
FN:172,FixedPointMathLib.sqrt
FNDA:10838,FixedPointMathLib.sqrt
DA:175,10838
DA:177,10838
DA:184,10838
BRDA:184,8,0,10837
DA:185,10837
DA:186,10837
DA:188,10838
BRDA:188,9,0,158
DA:189,158
DA:190,158
DA:192,10838
BRDA:192,10,0,4661
DA:193,4661
DA:194,4661
DA:196,10838
BRDA:196,11,0,2562
DA:197,2562
DA:198,2562
DA:217,10838
DA:220,10838
DA:221,10838
DA:222,10838
DA:223,10838
DA:224,10838
DA:225,10838
DA:226,10838
DA:233,10838
DA:237,0
FN:237,FixedPointMathLib.unsafeMod
FNDA:0,FixedPointMathLib.unsafeMod
DA:242,0
DA:246,0
FN:246,FixedPointMathLib.unsafeDiv
FNDA:0,FixedPointMathLib.unsafeDiv
DA:251,0
DA:255,0
FN:255,FixedPointMathLib.unsafeDivUp
FNDA:0,FixedPointMathLib.unsafeDivUp
DA:263,0
FNF:11
FNH:4
LF:78
LH:52
BRF:12
BRH:4
end_of_record
TN:
SF:src/Dependencies/LiquityBase.sol
DA:26,3798
FN:26,LiquityBase.constructor
FNDA:3798,LiquityBase.constructor
DA:27,3798
DA:28,3798
DA:29,3798
DA:31,3798
DA:32,3798
DA:33,3798
DA:37,719696
FN:37,LiquityBase.getEntireBranchColl
FNDA:719696,LiquityBase.getEntireBranchColl
DA:38,1066827
DA:39,1066827
DA:41,1066827
DA:44,1278047
FN:44,LiquityBase.getEntireBranchDebt
FNDA:1278047,LiquityBase.getEntireBranchDebt
DA:45,1806864
DA:46,1806864
DA:48,1806864
DA:51,190200
FN:51,LiquityBase._getTCR
FNDA:190200,LiquityBase._getTCR
DA:52,190200
DA:53,190200
DA:55,190200
DA:57,190200
DA:60,8227
FN:60,LiquityBase._checkBelowCriticalThreshold
FNDA:8227,LiquityBase._checkBelowCriticalThreshold
DA:61,8227
DA:63,8227
DA:66,2981773
FN:66,LiquityBase._calcInterest
FNDA:2981773,LiquityBase._calcInterest
DA:67,2981773
FNF:6
FNH:6
LF:25
LH:25
BRF:0
BRH:0
end_of_record
TN:
SF:src/Dependencies/LiquityMath.sol
DA:8,500012
FN:8,LiquityMath._min
FNDA:500012,LiquityMath._min
DA:9,500012
DA:12,72675
FN:12,LiquityMath._max
FNDA:72675,LiquityMath._max
DA:13,72675
DA:16,0
FN:16,LiquityMath._sub_min_0
FNDA:0,LiquityMath._sub_min_0
DA:17,0
DA:27,1280206
FN:27,LiquityMath.decMul
FNDA:1280206,LiquityMath.decMul
DA:28,1280206
DA:30,1280206
DA:49,97068
FN:49,LiquityMath._decPow
FNDA:97068,LiquityMath._decPow
DA:50,97068
BRDA:50,0,0,-
DA:52,97068
BRDA:52,1,0,47180
DA:54,49888
DA:55,49888
DA:56,49888
DA:59,876488
DA:60,826600
BRDA:60,2,0,422882
BRDA:60,2,1,403718
DA:61,422882
DA:62,422882
DA:65,403718
DA:66,403718
DA:67,403718
DA:71,49888
DA:74,31503
FN:74,LiquityMath._getAbsoluteDifference
FNDA:31503,LiquityMath._getAbsoluteDifference
DA:75,31503
DA:78,526381
FN:78,LiquityMath._computeCR
FNDA:526381,LiquityMath._computeCR
DA:79,526381
BRDA:79,3,0,407004
BRDA:79,3,1,119377
DA:80,407004
DA:82,407004
DA:87,119377
FNF:7
FNH:6
LF:30
LH:28
BRF:6
BRH:5
end_of_record
TN:
SF:src/Dependencies/Ownable.sol
DA:25,2892
FN:25,Ownable.constructor
FNDA:2892,Ownable.constructor
DA:26,2892
DA:27,2892
DA:33,0
FN:33,Ownable.owner
FNDA:0,Ownable.owner
DA:34,0
DA:40,3348
FN:40,Ownable.onlyOwner
FNDA:3348,Ownable.onlyOwner
DA:41,3348
BRDA:41,0,0,-
BRDA:41,0,1,2892
DA:48,0
FN:48,Ownable.isOwner
FNDA:0,Ownable.isOwner
DA:49,4158
DA:62,2892
FN:62,Ownable._renounceOwnership
FNDA:2892,Ownable._renounceOwnership
DA:63,2892
DA:64,2892
FNF:5
FNH:3
LF:12
LH:9
BRF:2
BRH:1
end_of_record
TN:
SF:src/ERC20Wrappers/WrappedToken.sol
DA:15,21
FN:15,WrappedToken.constructor
FNDA:21,WrappedToken.constructor
DA:17,21
DA:19,21
DA:25,42
FN:25,WrappedToken.decimals
FNDA:42,WrappedToken.decimals
DA:26,42
DA:32,25
FN:32,WrappedToken.depositFor
FNDA:25,WrappedToken.depositFor
DA:33,25
DA:34,25
BRDA:34,0,0,-
BRDA:34,0,1,25
DA:35,25
DA:36,25
DA:37,25
DA:43,5
FN:43,WrappedToken.withdrawTo
FNDA:5,WrappedToken.withdrawTo
DA:44,5
DA:45,5
DA:46,5
FNF:4
FNH:4
LF:15
LH:15
BRF:2
BRH:1
end_of_record
TN:
SF:src/GasPool.sol
DA:19,1266
FN:19,GasPool.constructor
FNDA:1266,GasPool.constructor
DA:20,1266
DA:21,1266
DA:22,1266
DA:25,1266
DA:27,1266
FNF:1
FNH:1
LF:6
LH:6
BRF:0
BRH:0
end_of_record
TN:
SF:src/HintHelpers.sol
DA:15,810
FN:15,HintHelpers.constructor
FNDA:810,HintHelpers.constructor
DA:16,810
DA:28,672
FN:28,HintHelpers.getApproxHint
FNDA:672,HintHelpers.getApproxHint
DA:33,672
DA:34,672
DA:36,672
DA:38,672
BRDA:38,0,0,-
DA:39,0
DA:42,672
DA:43,672
DA:44,672
DA:46,672
DA:47,31072
DA:49,31072
DA:50,31072
DA:53,31072
BRDA:53,1,0,241
DA:55,30831
DA:58,30831
DA:60,30831
BRDA:60,2,0,338
DA:61,338
DA:62,338
DA:67,1270126
FN:67,HintHelpers._calcUpfrontFee
FNDA:1270126,HintHelpers._calcUpfrontFee
DA:68,1270126
DA:71,1101387
FN:71,HintHelpers.predictOpenTroveUpfrontFee
FNDA:1101387,HintHelpers.predictOpenTroveUpfrontFee
DA:76,1101387
DA:77,1101387
DA:79,1101387
DA:80,1101387
DA:81,1101387
DA:83,1101387
DA:84,1101387
DA:87,70048
FN:87,HintHelpers.predictAdjustInterestRateUpfrontFee
FNDA:70048,HintHelpers.predictAdjustInterestRateUpfrontFee
DA:92,70048
DA:93,70048
DA:94,70048
DA:97,70048
DA:98,70048
DA:99,56312
BRDA:99,3,0,56312
DA:100,56312
DA:103,13736
DA:106,0
FN:106,HintHelpers.forcePredictAdjustInterestRateUpfrontFee
FNDA:0,HintHelpers.forcePredictAdjustInterestRateUpfrontFee
DA:111,0
DA:112,0
DA:113,0
DA:115,0
DA:118,13736
FN:118,HintHelpers._predictAdjustInterestRateUpfrontFee
FNDA:13736,HintHelpers._predictAdjustInterestRateUpfrontFee
DA:123,13736
DA:124,13736
DA:125,13736
DA:126,13736
DA:128,13736
DA:129,13736
DA:132,68079
FN:132,HintHelpers.predictAdjustTroveUpfrontFee
FNDA:68079,HintHelpers.predictAdjustTroveUpfrontFee
DA:137,68079
BRDA:137,4,0,58253
DA:139,9826
DA:140,9826
DA:141,9826
DA:142,9826
DA:144,9826
DA:145,9826
DA:146,9826
DA:148,9826
BRDA:148,5,0,9440
BRDA:148,5,1,386
DA:149,9440
DA:150,9440
DA:152,386
DA:153,386
DA:154,386
DA:157,386
DA:160,9826
DA:161,9826
DA:164,68352
FN:164,HintHelpers.predictAdjustBatchInterestRateUpfrontFee
FNDA:68352,HintHelpers.predictAdjustBatchInterestRateUpfrontFee
DA:169,68352
DA:170,68352
DA:171,68352
DA:174,68352
DA:175,36167
DA:176,60253
BRDA:176,6,0,60253
DA:177,60253
DA:180,8099
DA:181,8099
DA:182,8099
DA:183,8099
DA:185,8099
DA:186,8099
DA:189,69544
FN:189,HintHelpers.predictOpenTroveAndJoinBatchUpfrontFee
FNDA:69544,HintHelpers.predictOpenTroveAndJoinBatchUpfrontFee
DA:194,69544
DA:195,69544
DA:196,69544
DA:198,69544
DA:199,69544
DA:200,69544
DA:201,69544
DA:202,69544
DA:205,69544
DA:206,69544
DA:209,66983
FN:209,HintHelpers.predictJoinBatchInterestRateUpfrontFee
FNDA:66983,HintHelpers.predictJoinBatchInterestRateUpfrontFee
DA:214,66983
DA:215,66983
DA:216,66983
DA:217,66983
DA:219,66983
DA:220,66983
DA:221,66983
DA:222,66983
DA:223,66983
DA:226,66983
DA:227,66983
DA:230,1232
FN:230,HintHelpers.predictRemoveFromBatchUpfrontFee
FNDA:1232,HintHelpers.predictRemoveFromBatchUpfrontFee
DA:235,1232
DA:236,1232
DA:237,1232
DA:238,1232
DA:239,1232
DA:242,1232
DA:243,1232
DA:244,681
BRDA:244,7,0,681
DA:245,681
DA:248,551
DA:249,551
DA:250,551
DA:251,551
DA:252,551
DA:256,551
DA:257,551
DA:264,0
FN:264,HintHelpers.getApproxHintNonRedeemable
FNDA:0,HintHelpers.getApproxHintNonRedeemable
DA:269,0
DA:270,0
DA:272,0
DA:274,0
BRDA:274,8,0,-
DA:275,0
DA:278,0
DA:279,0
DA:280,0
DA:282,0
DA:283,0
DA:285,0
DA:286,0
DA:289,0
BRDA:289,9,0,-
DA:291,0
DA:294,0
DA:296,0
BRDA:296,10,0,-
DA:297,0
DA:298,0
DA:303,0
FN:303,HintHelpers._calcUpfrontFeeNonRedeemable
FNDA:0,HintHelpers._calcUpfrontFeeNonRedeemable
DA:304,0
DA:307,0
FN:307,HintHelpers.predictOpenTroveUpfrontFeeNonRedeemable
FNDA:0,HintHelpers.predictOpenTroveUpfrontFeeNonRedeemable
DA:312,0
DA:313,0
DA:315,0
DA:316,0
DA:317,0
DA:319,0
DA:320,0
DA:323,0
FN:323,HintHelpers.predictAdjustInterestRateUpfrontFeeNonRedeemable
FNDA:0,HintHelpers.predictAdjustInterestRateUpfrontFeeNonRedeemable
DA:328,0
DA:329,0
DA:330,0
DA:333,0
DA:334,0
DA:335,0
BRDA:335,11,0,-
DA:336,0
DA:339,0
DA:342,0
FN:342,HintHelpers.forcePredictAdjustInterestRateUpfrontFeeNonRedeemable
FNDA:0,HintHelpers.forcePredictAdjustInterestRateUpfrontFeeNonRedeemable
DA:347,0
DA:348,0
DA:349,0
DA:351,0
DA:354,0
FN:354,HintHelpers._predictAdjustInterestRateUpfrontFeeNonRedeemable
FNDA:0,HintHelpers._predictAdjustInterestRateUpfrontFeeNonRedeemable
DA:359,0
DA:360,0
DA:361,0
DA:362,0
DA:364,0
DA:365,0
DA:368,0
FN:368,HintHelpers.predictAdjustTroveUpfrontFeeNonRedeemable
FNDA:0,HintHelpers.predictAdjustTroveUpfrontFeeNonRedeemable
DA:373,0
BRDA:373,12,0,-
DA:375,0
DA:376,0
DA:377,0
DA:378,0
DA:380,0
DA:381,0
DA:382,0
DA:384,0
BRDA:384,13,0,-
BRDA:384,13,1,-
DA:385,0
DA:386,0
DA:388,0
DA:389,0
DA:390,0
DA:393,0
DA:396,0
DA:397,0
DA:400,0
FN:400,HintHelpers.predictAdjustBatchInterestRateUpfrontFeeNonRedeemable
FNDA:0,HintHelpers.predictAdjustBatchInterestRateUpfrontFeeNonRedeemable
DA:405,0
DA:406,0
DA:407,0
DA:410,0
DA:411,0
DA:412,0
BRDA:412,14,0,-
DA:413,0
DA:416,0
DA:417,0
DA:418,0
DA:419,0
DA:421,0
DA:422,0
DA:425,0
FN:425,HintHelpers.predictOpenTroveAndJoinBatchUpfrontFeeNonRedeemable
FNDA:0,HintHelpers.predictOpenTroveAndJoinBatchUpfrontFeeNonRedeemable
DA:430,0
DA:431,0
DA:432,0
DA:434,0
DA:435,0
DA:436,0
DA:437,0
DA:438,0
DA:441,0
DA:442,0
DA:445,0
FN:445,HintHelpers.predictJoinBatchInterestRateUpfrontFeeNonRedeemable
FNDA:0,HintHelpers.predictJoinBatchInterestRateUpfrontFeeNonRedeemable
DA:450,0
DA:451,0
DA:452,0
DA:453,0
DA:455,0
DA:456,0
DA:457,0
DA:458,0
DA:459,0
DA:462,0
DA:463,0
DA:466,0
FN:466,HintHelpers.predictRemoveFromBatchUpfrontFeeNonRedeemable
FNDA:0,HintHelpers.predictRemoveFromBatchUpfrontFeeNonRedeemable
DA:471,0
DA:472,0
DA:473,0
DA:474,0
DA:475,0
DA:478,0
DA:479,0
DA:480,0
BRDA:480,15,0,-
DA:481,0
DA:484,0
DA:485,0
DA:486,0
DA:487,0
DA:488,0
DA:492,0
DA:493,0
FNF:23
FNH:11
LF:246
LH:118
BRF:18
BRH:8
end_of_record
TN:
SF:src/MultiTroveGetter.sol
DA:13,810
FN:13,MultiTroveGetter.constructor
FNDA:810,MultiTroveGetter.constructor
DA:14,810
DA:17,0
FN:17,MultiTroveGetter.getMultipleSortedTroves
FNDA:0,MultiTroveGetter.getMultipleSortedTroves
DA:22,0
DA:23,0
BRDA:23,0,0,-
BRDA:23,0,1,-
DA:25,0
DA:26,0
DA:28,0
DA:29,0
DA:31,0
BRDA:31,1,0,-
BRDA:31,1,1,-
DA:32,0
DA:33,0
DA:35,0
DA:36,0
DA:39,0
DA:41,0
BRDA:41,2,0,-
BRDA:41,2,1,-
DA:42,0
DA:44,0
DA:46,0
BRDA:46,3,0,-
DA:47,0
DA:50,0
BRDA:50,4,0,-
BRDA:50,4,1,-
DA:51,0
DA:53,0
DA:58,0
FN:58,MultiTroveGetter.getMultipleSortedNonRedeemableTroves
FNDA:0,MultiTroveGetter.getMultipleSortedNonRedeemableTroves
DA:63,0
DA:64,0
BRDA:64,5,0,-
BRDA:64,5,1,-
DA:66,0
DA:67,0
DA:69,0
DA:70,0
DA:72,0
BRDA:72,6,0,-
BRDA:72,6,1,-
DA:73,0
DA:74,0
DA:76,0
DA:77,0
DA:80,0
DA:82,0
BRDA:82,7,0,-
BRDA:82,7,1,-
DA:83,0
DA:85,0
DA:87,0
BRDA:87,8,0,-
DA:88,0
DA:91,0
BRDA:91,9,0,-
BRDA:91,9,1,-
DA:92,0
DA:94,0
DA:99,0
FN:99,MultiTroveGetter._getOneTrove
FNDA:0,MultiTroveGetter._getOneTrove
DA:100,0
DA:102,0
DA:103,0
DA:104,0
DA:105,0
DA:106,0
DA:107,0
DA:108,0
DA:109,0
DA:110,0
DA:111,0
DA:113,0
DA:126,0
DA:129,0
FN:129,MultiTroveGetter._getMultipleSortedTrovesFromHead
FNDA:0,MultiTroveGetter._getMultipleSortedTrovesFromHead
DA:135,0
DA:137,0
DA:138,0
DA:141,0
DA:143,0
DA:144,0
DA:145,0
DA:149,0
FN:149,MultiTroveGetter._getMultipleSortedTrovesFromTail
FNDA:0,MultiTroveGetter._getMultipleSortedTrovesFromTail
DA:155,0
DA:157,0
DA:158,0
DA:161,0
DA:163,0
DA:164,0
DA:165,0
DA:169,0
FN:169,MultiTroveGetter.getDebtPerInterestRateAscending
FNDA:0,MultiTroveGetter.getDebtPerInterestRateAscending
DA:174,0
DA:175,0
BRDA:175,10,0,-
BRDA:175,10,1,-
DA:177,0
DA:178,0
DA:180,0
DA:181,0
DA:183,0
DA:184,0
BRDA:184,11,0,-
DA:186,0
DA:187,0
DA:188,0
DA:189,0
DA:190,0
DA:192,0
DA:196,0
FN:196,MultiTroveGetter.getNonRedeemableDebtPerInterestRateAscending
FNDA:0,MultiTroveGetter.getNonRedeemableDebtPerInterestRateAscending
DA:201,0
DA:202,0
BRDA:202,12,0,-
BRDA:202,12,1,-
DA:204,0
DA:205,0
DA:207,0
DA:208,0
DA:210,0
DA:211,0
BRDA:211,13,0,-
DA:213,0
DA:214,0
DA:215,0
DA:216,0
DA:217,0
DA:219,0
FNF:8
FNH:1
LF:104
LH:2
BRF:24
BRH:0
end_of_record
TN:
SF:src/NFTMetadata/MetadataNFT.sol
DA:32,1266
FN:32,MetadataNFT.constructor
FNDA:1266,MetadataNFT.constructor
DA:33,1266
DA:36,13
FN:36,MetadataNFT.uri
FNDA:13,MetadataNFT.uri
DA:37,13
DA:38,13
DA:50,13
FN:50,MetadataNFT.renderSVGImage
FNDA:13,MetadataNFT.renderSVGImage
DA:51,13
DA:61,0
FN:61,MetadataNFT.attributes
FNDA:0,MetadataNFT.attributes
DA:63,13
DA:80,0
FN:80,MetadataNFT.dynamicTextComponents
FNDA:0,MetadataNFT.dynamicTextComponents
DA:81,13
DA:82,13
DA:84,13
DA:93,26
FN:93,MetadataNFT._status2Str
FNDA:26,MetadataNFT._status2Str
DA:94,26
BRDA:94,0,0,20
DA:95,6
BRDA:95,1,0,-
DA:96,6
BRDA:96,2,0,-
DA:97,6
BRDA:97,3,0,6
DA:98,0
FNF:6
FNH:4
LF:19
LH:16
BRF:4
BRH:2
end_of_record
TN:
SF:src/NFTMetadata/utils/FixedAssets.sol
DA:16,39
FN:16,FixedAssetReader.readAsset
FNDA:39,FixedAssetReader.readAsset
DA:17,39
DA:20,1266
FN:20,FixedAssetReader.constructor
FNDA:1266,FixedAssetReader.constructor
DA:21,1266
DA:22,1266
BRDA:22,0,0,-
BRDA:22,0,1,1266
DA:23,1266
DA:24,6330
FNF:2
FNH:2
LF:7
LH:7
BRF:2
BRH:1
end_of_record
TN:
SF:src/NFTMetadata/utils/JSON.sol
DA:13,13
FN:13,json.formattedMetadata
FNDA:13,json.formattedMetadata
DA:19,13
DA:37,13
FN:37,json._xmlImage
FNDA:13,json._xmlImage
DA:38,13
DA:41,26
FN:41,json._prop.0
FNDA:26,json._prop.0
DA:42,26
DA:45,13
FN:45,json._prop.1
FNDA:13,json._prop.1
DA:46,13
BRDA:46,0,0,13
BRDA:46,0,1,-
DA:47,13
DA:49,0
DA:53,0
FN:53,json._object
FNDA:0,json._object
DA:54,0
DA:66,26
FN:66,json.encode
FNDA:26,json.encode
DA:71,26
BRDA:71,1,0,-
DA:74,26
DA:82,26
DA:86,26
DA:89,26
DA:93,26
DA:94,26
DA:95,158229
DA:97,158203
DA:98,158203
DA:108,158203
DA:109,158203
DA:111,158203
DA:112,158203
DA:114,158203
DA:115,158203
DA:117,158203
DA:118,158203
DA:123,26
DA:124,26
DA:125,8
DA:126,8
DA:128,18
DA:131,26
FNF:6
FNH:5
LF:37
LH:34
BRF:3
BRH:1
end_of_record
TN:
SF:src/NFTMetadata/utils/SVG.sol
DA:17,0
FN:17,svg.g
FNDA:0,svg.g
DA:18,0
DA:21,13
FN:21,svg._svg
FNDA:13,svg._svg
DA:22,13
DA:25,0
FN:25,svg.style
FNDA:0,svg.style
DA:26,0
DA:29,0
FN:29,svg.path.0
FNDA:0,svg.path.0
DA:30,0
DA:33,47
FN:33,svg.path.1
FNDA:47,svg.path.1
DA:34,47
DA:37,0
FN:37,svg.path.2
FNDA:0,svg.path.2
DA:42,0
DA:45,143
FN:45,svg.text
FNDA:143,svg.text
DA:46,143
DA:49,0
FN:49,svg.line.0
FNDA:0,svg.line.0
DA:50,0
DA:53,0
FN:53,svg.line.1
FNDA:0,svg.line.1
DA:54,0
DA:57,18
FN:57,svg.circle.0
FNDA:18,svg.circle.0
DA:58,18
DA:61,0
FN:61,svg.circle.1
FNDA:0,svg.circle.1
DA:62,0
DA:65,0
FN:65,svg.circle.2
FNDA:0,svg.circle.2
DA:66,0
DA:69,0
FN:69,svg.circle.3
FNDA:0,svg.circle.3
DA:74,0
DA:77,0
FN:77,svg.circle.4
FNDA:0,svg.circle.4
DA:82,0
DA:85,0
FN:85,svg.ellipse.0
FNDA:0,svg.ellipse.0
DA:86,0
DA:89,0
FN:89,svg.ellipse.1
FNDA:0,svg.ellipse.1
DA:90,0
DA:93,10
FN:93,svg.polygon.0
FNDA:10,svg.polygon.0
DA:94,10
DA:97,0
FN:97,svg.polygon.1
FNDA:0,svg.polygon.1
DA:98,0
DA:101,0
FN:101,svg.polyline.0
FNDA:0,svg.polyline.0
DA:102,0
DA:105,0
FN:105,svg.polyline.1
FNDA:0,svg.polyline.1
DA:106,0
DA:109,87
FN:109,svg.rect.0
FNDA:87,svg.rect.0
DA:110,87
DA:113,0
FN:113,svg.rect.1
FNDA:0,svg.rect.1
DA:114,0
DA:117,0
FN:117,svg.filter
FNDA:0,svg.filter
DA:118,0
DA:121,0
FN:121,svg.cdata
FNDA:0,svg.cdata
DA:122,0
DA:126,0
FN:126,svg.radialGradient
FNDA:0,svg.radialGradient
DA:127,0
DA:130,0
FN:130,svg.linearGradient
FNDA:0,svg.linearGradient
DA:131,0
DA:134,0
FN:134,svg.gradientStop
FNDA:0,svg.gradientStop
DA:139,0
DA:153,0
FN:153,svg.animateTransform
FNDA:0,svg.animateTransform
DA:154,0
DA:157,0
FN:157,svg.animate
FNDA:0,svg.animate
DA:158,0
DA:163,169
FN:163,svg.el.0
FNDA:169,svg.el.0
DA:168,169
DA:172,188
FN:172,svg.el.1
FNDA:188,svg.el.1
DA:173,188
DA:177,1427
FN:177,svg.prop.0
FNDA:1427,svg.prop.0
DA:178,1427
DA:181,0
FN:181,svg.prop.1
FNDA:0,svg.prop.1
DA:182,0
BRDA:182,0,0,-
BRDA:182,0,1,-
DA:183,0
DA:185,0
FNF:33
FNH:9
LF:68
LH:18
BRF:2
BRH:0
end_of_record
TN:
SF:src/NFTMetadata/utils/Utils.sol
DA:7,100
FN:7,numUtils.toLocale
FNDA:100,numUtils.toLocale
DA:8,100
DA:9,100
DA:10,100
BRDA:10,0,0,59
DA:12,41
DA:14,41
DA:16,41
DA:17,41
DA:18,41
DA:19,288
DA:20,288
DA:21,288
DA:22,288
BRDA:22,1,0,68
DA:23,68
DA:24,68
DA:28,41
DA:32,99
FN:32,numUtils.toLocaleString
FNDA:99,numUtils.toLocaleString
DA:33,99
DA:34,99
DA:36,99
BRDA:36,2,0,96
BRDA:36,2,1,6
DA:37,96
DA:39,96
BRDA:39,3,0,22
BRDA:39,3,1,6
DA:40,22
DA:42,22
DA:45,22
DA:47,74
DA:50,3
DA:53,99
DA:55,99
BRDA:55,4,0,31
DA:56,31
BRDA:56,5,0,27
DA:57,31
DA:58,80
DA:61,31
DA:64,68
DA:67,68
BRDA:67,6,0,13
DA:68,13
DA:69,13
DA:71,13
DA:72,50
DA:75,13
DA:78,68
DA:90,0
FN:90,utils.setCssVar
FNDA:0,utils.setCssVar
DA:91,0
DA:95,0
FN:95,utils.getCssVar
FNDA:0,utils.getCssVar
DA:96,0
DA:100,0
FN:100,utils.getDefURL
FNDA:0,utils.getDefURL
DA:101,0
DA:105,0
FN:105,utils.white_a
FNDA:0,utils.white_a
DA:106,0
DA:110,0
FN:110,utils.black_a
FNDA:0,utils.black_a
DA:111,0
DA:115,0
FN:115,utils.rgba
FNDA:0,utils.rgba
DA:116,0
DA:117,0
DA:130,0
FN:130,utils.cssBraces.0
FNDA:0,utils.cssBraces.0
DA:131,0
DA:134,0
FN:134,utils.cssBraces.1
FNDA:0,utils.cssBraces.1
DA:135,0
BRDA:135,7,0,-
BRDA:135,7,1,-
DA:137,0
DA:139,0
DA:141,0
DA:142,0
DA:145,0
DA:149,0
FN:149,utils.points.0
FNDA:0,utils.points.0
DA:150,0
BRDA:150,8,0,-
BRDA:150,8,1,-
DA:152,0
DA:154,0
DA:156,0
DA:157,0
DA:162,0
DA:168,0
FN:168,utils.points.1
FNDA:0,utils.points.1
DA:169,0
BRDA:169,9,0,-
BRDA:169,9,1,-
DA:171,0
DA:173,0
DA:175,0
DA:176,0
DA:185,0
DA:195,0
FN:195,utils.stringsEqual
FNDA:0,utils.stringsEqual
DA:196,0
DA:200,0
FN:200,utils.utfStringLength
FNDA:0,utils.utfStringLength
DA:201,0
DA:202,0
DA:204,0
DA:205,0
BRDA:205,10,0,-
BRDA:205,10,1,-
DA:206,0
DA:207,0
BRDA:207,11,0,-
BRDA:207,11,1,-
DA:208,0
DA:209,0
BRDA:209,12,0,-
BRDA:209,12,1,-
DA:210,0
DA:211,0
BRDA:211,13,0,-
BRDA:211,13,1,-
DA:212,0
DA:216,0
DA:219,0
DA:224,0
FN:224,utils.toString
FNDA:0,utils.toString
DA:228,0
BRDA:228,14,0,-
DA:229,0
DA:231,0
DA:232,0
DA:233,0
DA:234,0
DA:235,0
DA:237,0
BRDA:237,15,0,-
BRDA:237,15,1,-
DA:238,0
DA:240,0
DA:241,0
DA:243,0
DA:244,0
BRDA:244,16,0,-
DA:245,0
DA:248,0
DA:249,0
DA:250,0
BRDA:250,17,0,-
DA:251,0
DA:252,0
DA:256,0
FNF:15
FNH:2
LF:114
LH:41
BRF:28
BRH:9
end_of_record
TN:
SF:src/NFTMetadata/utils/baseSVG.sol
DA:13,13
FN:13,baseSVG._svgProps
FNDA:13,baseSVG._svgProps
DA:14,13
DA:22,13
FN:22,baseSVG._baseElements
FNDA:13,baseSVG._baseElements
DA:23,13
DA:39,13
FN:39,baseSVG._styles
FNDA:13,baseSVG._styles
DA:40,13
DA:51,13
FN:51,baseSVG._leverageLogo
FNDA:13,baseSVG._leverageLogo
DA:52,13
DA:64,13
FN:64,baseSVG._boldLogo
FNDA:13,baseSVG._boldLogo
DA:65,13
DA:80,13
FN:80,baseSVG._staticTextEls
FNDA:13,baseSVG._staticTextEls
DA:81,13
DA:135,39
FN:135,baseSVG._formattedDynamicEl
FNDA:39,baseSVG._formattedDynamicEl
DA:136,39
DA:149,13
FN:149,baseSVG._formattedIdEl
FNDA:13,baseSVG._formattedIdEl
DA:150,13
DA:163,13
FN:163,baseSVG._formattedAddressEl
FNDA:13,baseSVG._formattedAddressEl
DA:164,13
DA:181,13
FN:181,baseSVG._collLogo
FNDA:13,baseSVG._collLogo
DA:182,13
DA:199,13
FN:199,baseSVG._statusEl
FNDA:13,baseSVG._statusEl
DA:200,13
DA:208,13
FN:208,baseSVG._dynamicTextEls
FNDA:13,baseSVG._dynamicTextEls
DA:213,13
FNF:12
FNH:12
LF:24
LH:24
BRF:0
BRH:0
end_of_record
TN:
SF:src/NFTMetadata/utils/bauhaus.sol
DA:25,13
FN:25,bauhaus._bauhaus
FNDA:13,bauhaus._bauhaus
DA:26,13
DA:27,13
DA:29,13
BRDA:29,0,0,5
BRDA:29,0,1,4
DA:30,5
DA:31,8
BRDA:31,1,0,4
BRDA:31,1,1,4
DA:32,4
DA:35,4
DA:39,110
FN:39,bauhaus._colorCode2Hex
FNDA:110,bauhaus._colorCode2Hex
DA:40,110
BRDA:40,2,0,17
BRDA:40,2,1,17
DA:41,17
DA:42,93
BRDA:42,3,0,10
BRDA:42,3,1,17
DA:43,10
DA:44,83
BRDA:44,4,0,22
BRDA:44,4,1,17
DA:45,22
DA:46,61
BRDA:46,5,0,10
BRDA:46,5,1,17
DA:47,10
DA:48,51
BRDA:48,6,0,29
BRDA:48,6,1,17
DA:49,29
DA:50,22
BRDA:50,7,0,5
BRDA:50,7,1,17
DA:51,5
DA:53,17
DA:69,5
FN:69,bauhaus._colors1
FNDA:5,bauhaus._colors1
DA:70,5
BRDA:70,8,0,-
BRDA:70,8,1,4
DA:71,0
DA:82,5
BRDA:82,9,0,-
BRDA:82,9,1,4
DA:83,0
DA:94,5
BRDA:94,10,0,1
BRDA:94,10,1,4
DA:95,1
DA:107,4
DA:121,5
FN:121,bauhaus._img1
FNDA:5,bauhaus._img1
DA:122,5
DA:123,5
DA:126,5
FN:126,bauhaus._rects1
FNDA:5,bauhaus._rects1
DA:127,5
DA:191,5
FN:191,bauhaus._polygons1
FNDA:5,bauhaus._polygons1
DA:192,5
DA:204,5
FN:204,bauhaus._circles1
FNDA:5,bauhaus._circles1
DA:205,5
DA:232,4
FN:232,bauhaus._colors2
FNDA:4,bauhaus._colors2
DA:233,4
BRDA:233,11,0,-
BRDA:233,11,1,3
DA:234,0
DA:245,4
BRDA:245,12,0,-
BRDA:245,12,1,3
DA:246,0
DA:257,4
BRDA:257,13,0,1
BRDA:257,13,1,3
DA:258,1
DA:270,3
DA:284,4
FN:284,bauhaus._img2
FNDA:4,bauhaus._img2
DA:285,4
DA:286,4
DA:289,4
FN:289,bauhaus._rects2
FNDA:4,bauhaus._rects2
DA:290,4
DA:354,4
FN:354,bauhaus._circles2
FNDA:4,bauhaus._circles2
DA:355,4
DA:378,4
FN:378,bauhaus._colors3
FNDA:4,bauhaus._colors3
DA:379,4
BRDA:379,14,0,-
BRDA:379,14,1,3
DA:380,0
DA:391,4
BRDA:391,15,0,-
BRDA:391,15,1,3
DA:392,0
DA:403,4
BRDA:403,16,0,1
BRDA:403,16,1,3
DA:404,1
DA:416,3
DA:430,4
FN:430,bauhaus._img3
FNDA:4,bauhaus._img3
DA:431,4
DA:432,4
DA:435,4
FN:435,bauhaus._rects3
FNDA:4,bauhaus._rects3
DA:436,4
DA:490,4
FN:490,bauhaus._circles3
FNDA:4,bauhaus._circles3
DA:491,4
FNF:15
FNH:15
LF:69
LH:63
BRF:34
BRH:28
end_of_record
TN:
SF:src/PriceFeeds/AEROPriceFeed.sol
DA:9,5
FN:9,AEROPriceFeed.constructor
FNDA:5,AEROPriceFeed.constructor
DA:12,5
DA:15,5
DA:18,7
FN:18,AEROPriceFeed.fetchPrice
FNDA:7,AEROPriceFeed.fetchPrice
DA:20,7
BRDA:20,0,0,6
DA:23,1
DA:24,1
DA:27,0
FN:27,AEROPriceFeed.fetchRedemptionPrice
FNDA:0,AEROPriceFeed.fetchRedemptionPrice
DA:29,0
DA:35,0
[...]
FNDA:0,TroveManagerTester.checkTroveIsActive
DA:190,0
DA:191,0
DA:194,11
FN:194,TroveManagerTester.checkTroveIsZombie
FNDA:11,TroveManagerTester.checkTroveIsZombie
DA:195,11
DA:196,11
DA:199,11
FN:199,TroveManagerTester.hasRedistributionGains
FNDA:11,TroveManagerTester.hasRedistributionGains
DA:205,11
BRDA:205,1,0,-
DA:207,11
DA:211,0
FN:211,TroveManagerTester.getPendingCollReward
FNDA:0,TroveManagerTester.getPendingCollReward
DA:212,0
DA:213,0
DA:214,0
DA:218,0
FN:218,TroveManagerTester.getPendingBoldDebtReward
FNDA:0,TroveManagerTester.getPendingBoldDebtReward
DA:219,0
DA:220,0
DA:221,0
DA:224,13529
FN:224,TroveManagerTester.getEntireDebtAndColl
FNDA:13529,TroveManagerTester.getEntireDebtAndColl
DA:235,13529
DA:236,13529
DA:238,13529
DA:242,11522
FN:242,TroveManagerTester.getTroveEntireDebt
FNDA:11522,TroveManagerTester.getTroveEntireDebt
DA:243,11522
DA:244,11522
DA:245,11522
DA:248,1356
FN:248,TroveManagerTester.getTroveEntireColl
FNDA:1356,TroveManagerTester.getTroveEntireColl
DA:249,1356
DA:250,1356
DA:251,1356
DA:260,0
FN:260,TroveManagerTester.getTroveStake
FNDA:0,TroveManagerTester.getTroveStake
DA:261,0
DA:264,90
FN:264,TroveManagerTester.getTroveDebt
FNDA:90,TroveManagerTester.getTroveDebt
DA:265,90
DA:266,90
DA:267,90
BRDA:267,2,0,33
DA:268,33
DA:269,33
BRDA:269,3,0,-
DA:270,33
DA:272,57
DA:275,10
FN:275,TroveManagerTester.getTroveWeightedRecordedDebt
FNDA:10,TroveManagerTester.getTroveWeightedRecordedDebt
DA:276,10
DA:277,10
DA:278,10
BRDA:278,4,0,-
DA:279,0
DA:280,0
BRDA:280,5,0,-
DA:281,0
DA:283,10
DA:286,22
FN:286,TroveManagerTester.getTroveColl
FNDA:22,TroveManagerTester.getTroveColl
DA:287,22
DA:288,22
DA:291,23
FN:291,TroveManagerTester.getTroveLastDebtUpdateTime
FNDA:23,TroveManagerTester.getTroveLastDebtUpdateTime
DA:292,23
DA:293,23
DA:294,23
BRDA:294,6,0,3
DA:295,3
DA:297,20
DA:300,11
FN:300,TroveManagerTester.troveIsStale
FNDA:11,TroveManagerTester.troveIsStale
DA:301,11
DA:302,11
DA:303,11
BRDA:303,7,0,-
DA:304,0
DA:306,11
DA:311,76
FN:311,TroveManagerTester.calcTroveAccruedInterest
FNDA:76,TroveManagerTester.calcTroveAccruedInterest
DA:312,76
DA:315,76
DA:316,76
BRDA:316,8,0,9
DA:317,9
DA:318,9
DA:321,67
DA:323,67
DA:325,67
DA:327,67
DA:330,9
FN:330,TroveManagerTester.calcBatchAccruedInterest
FNDA:9,TroveManagerTester.calcBatchAccruedInterest
DA:331,18
DA:332,18
DA:334,18
DA:336,18
DA:338,18
DA:341,7
FN:341,TroveManagerTester.calcTroveAccruedBatchManagementFee
FNDA:7,TroveManagerTester.calcTroveAccruedBatchManagementFee
DA:342,7
DA:345,7
DA:346,7
BRDA:346,9,0,1
DA:349,6
DA:350,6
BRDA:350,10,0,-
DA:351,6
DA:352,6
DA:355,15
FN:355,TroveManagerTester.calcBatchAccruedManagementFee
FNDA:15,TroveManagerTester.calcBatchAccruedManagementFee
DA:356,21
DA:358,21
DA:361,1
FN:361,TroveManagerTester.getBatchAnnualInterestRate
FNDA:1,TroveManagerTester.getBatchAnnualInterestRate
DA:362,1
DA:365,2
FN:365,TroveManagerTester.getBatchLastDebtUpdateTime
FNDA:2,TroveManagerTester.getBatchLastDebtUpdateTime
DA:366,2
DA:369,472
FN:369,TroveManagerTester.getBatch
FNDA:472,TroveManagerTester.getBatch
DA:383,472
DA:385,472
FNF:52
FNH:30
LF:169
LH:111
BRF:11
BRH:4
end_of_record
TN:
SF:test/TestContracts/WETH.sol
DA:38,0
FN:38,WETH9.receive
FNDA:0,WETH9.receive
DA:39,0
DA:42,64
FN:42,WETH9.deposit
FNDA:64,WETH9.deposit
DA:43,64
DA:44,64
DA:47,7
FN:47,WETH9.withdraw
FNDA:7,WETH9.withdraw
DA:48,7
BRDA:48,0,0,-
BRDA:48,0,1,7
DA:49,7
DA:50,7
DA:51,7
DA:54,0
FN:54,WETH9.totalSupply
FNDA:0,WETH9.totalSupply
DA:55,0
DA:58,563
FN:58,WETH9.approve
FNDA:563,WETH9.approve
DA:59,563
DA:60,563
DA:61,563
DA:64,9
FN:64,WETH9.transfer
FNDA:9,WETH9.transfer
DA:65,9
DA:68,93
FN:68,WETH9.transferFrom
FNDA:93,WETH9.transferFrom
DA:69,102
BRDA:69,1,0,-
BRDA:69,1,1,102
DA:71,102
BRDA:71,2,0,6
DA:72,6
BRDA:72,3,0,-
BRDA:72,3,1,6
DA:73,6
DA:76,102
DA:77,102
DA:79,102
DA:81,102
FNF:7
FNH:5
LF:27
LH:23
BRF:7
BRH:4
end_of_record
TN:
SF:test/TestContracts/WETHTester.sol
DA:16,0
FN:16,WETHTester.receive
FNDA:0,WETHTester.receive
DA:17,0
DA:20,0
FN:20,WETHTester.deposit
FNDA:0,WETHTester.deposit
DA:21,0
DA:22,0
DA:25,0
FN:25,WETHTester.withdraw
FNDA:0,WETHTester.withdraw
DA:26,0
BRDA:26,0,0,-
BRDA:26,0,1,-
DA:27,0
DA:28,0
DA:29,0
FNF:3
FNH:0
LF:10
LH:0
BRF:2
BRH:0
end_of_record
TN:
SF:test/TestContracts/WSTETHTokenMock.sol
DA:8,6
FN:8,WSTETHTokenMock.stEthPerToken
FNDA:6,WSTETHTokenMock.stEthPerToken
DA:9,0
DA:12,0
FN:12,WSTETHTokenMock.wrap
FNDA:0,WSTETHTokenMock.wrap
DA:13,0
DA:16,0
FN:16,WSTETHTokenMock.unwrap
FNDA:0,WSTETHTokenMock.unwrap
DA:17,0
DA:20,0
FN:20,WSTETHTokenMock.getWstETHByStETH
FNDA:0,WSTETHTokenMock.getWstETHByStETH
DA:21,0
DA:24,0
FN:24,WSTETHTokenMock.getStETHByWstETH
FNDA:0,WSTETHTokenMock.getStETHByWstETH
DA:25,0
DA:28,0
FN:28,WSTETHTokenMock.tokensPerStEth
FNDA:0,WSTETHTokenMock.tokensPerStEth
DA:29,0
FNF:6
FNH:1
LF:12
LH:1
BRF:0
BRH:0
end_of_record
TN:
SF:test/Utils/BatchIdSet.sol
DA:14,0
FN:14,BatchIdSetMethods.add
FNDA:0,BatchIdSetMethods.add
DA:15,0
BRDA:15,0,0,-
DA:16,0
DA:17,0
DA:21,0
FN:21,BatchIdSetMethods.clear
FNDA:0,BatchIdSetMethods.clear
DA:22,0
DA:28,0
FN:28,BatchIdSetMethods.has
FNDA:0,BatchIdSetMethods.has
DA:29,0
FNF:3
FNH:0
LF:8
LH:0
BRF:1
BRH:0
end_of_record
TN:
SF:test/Utils/E2EHelpers.sol
DA:40,0
FN:40,SideEffectFreeGetPriceHelper._revert
FNDA:0,SideEffectFreeGetPriceHelper._revert
DA:42,0
DA:46,0
FN:46,SideEffectFreeGetPriceHelper.throwPrice
FNDA:0,SideEffectFreeGetPriceHelper.throwPrice
DA:47,0
DA:48,0
DA:51,0
FN:51,SideEffectFreeGetPriceHelper.throwPriceV1
FNDA:0,SideEffectFreeGetPriceHelper.throwPriceV1
DA:52,0
DA:66,0
FN:66,SideEffectFreeGetPrice.deploy
FNDA:0,SideEffectFreeGetPrice.deploy
DA:67,0
BRDA:67,0,0,-
DA:68,0
DA:69,0
DA:73,0
FN:73,SideEffectFreeGetPrice.getPrice.0
FNDA:0,SideEffectFreeGetPrice.getPrice.0
DA:74,0
DA:76,0
BRDA:76,1,0,-
DA:77,0
DA:78,0
BRDA:78,1,1,-
DA:79,0
DA:83,0
FN:83,SideEffectFreeGetPrice.getPrice.1
FNDA:0,SideEffectFreeGetPrice.getPrice.1
DA:84,0
DA:86,0
BRDA:86,2,0,-
DA:87,0
DA:88,0
BRDA:88,2,1,-
DA:89,0
DA:105,0
FN:105,E2EHelpers.setUp
FNDA:0,E2EHelpers.setUp
DA:106,0
DA:107,0
DA:108,0
DA:110,0
DA:111,0
DA:112,0
DA:113,0
DA:114,0
DA:115,0
DA:116,0
DA:118,0
DA:119,0
DA:120,0
DA:121,0
DA:122,0
DA:123,0
DA:125,0
DA:126,0
DA:129,0
BRDA:129,3,0,-
DA:130,0
DA:132,0
DA:133,0
DA:134,0
DA:135,0
DA:140,0
FN:140,E2EHelpers.deal.0
FNDA:0,E2EHelpers.deal.0
DA:141,0
BRDA:141,4,0,-
BRDA:141,4,1,-
DA:142,0
DA:143,0
DA:145,0
DA:146,0
DA:150,0
FN:150,E2EHelpers.deal.1
FNDA:0,E2EHelpers.deal.1
DA:151,0
DA:152,0
DA:154,0
DA:156,0
BRDA:156,5,0,-
BRDA:156,5,1,-
DA:157,0
DA:158,0
DA:160,0
DA:161,0
DA:165,0
FN:165,E2EHelpers.deal.2
FNDA:0,E2EHelpers.deal.2
DA:166,0
DA:169,0
FN:169,E2EHelpers._openTrove
FNDA:0,E2EHelpers._openTrove
DA:170,0
DA:171,0
DA:172,0
DA:173,0
DA:174,0
DA:175,0
DA:176,0
DA:178,0
DA:182,0
DA:183,0
DA:185,0
DA:186,0
DA:187,0
DA:188,0
DA:190,0
DA:193,0
FN:193,E2EHelpers._closeTroveFromCollateral
FNDA:0,E2EHelpers._closeTroveFromCollateral
DA:197,0
DA:198,0
BRDA:198,6,0,-
BRDA:198,6,1,-
DA:199,0
DA:201,0
DA:203,0
DA:204,0
DA:205,0
DA:206,0
DA:208,0
DA:209,0
DA:214,0
DA:216,0
DA:219,0
FN:219,E2EHelpers._openLeveragedTrove
FNDA:0,E2EHelpers._openLeveragedTrove
DA:223,0
DA:225,0
DA:226,0
DA:227,0
DA:228,0
DA:229,0
DA:230,0
DA:231,0
DA:232,0
DA:234,0
DA:238,0
DA:239,0
DA:241,0
DA:242,0
DA:243,0
DA:244,0
DA:246,0
DA:249,0
FN:249,E2EHelpers._leverUpTrove
FNDA:0,E2EHelpers._leverUpTrove
DA:253,0
DA:255,0
DA:262,0
DA:263,0
DA:265,0
DA:268,0
FN:268,E2EHelpers._leverDownTrove
FNDA:0,E2EHelpers._leverDownTrove
DA:272,0
DA:273,0
DA:275,0
DA:281,0
DA:282,0
DA:284,0
DA:287,0
FN:287,E2EHelpers._provideToSP
FNDA:0,E2EHelpers._provideToSP
DA:288,0
DA:289,0
DA:290,0
DA:293,0
FN:293,E2EHelpers._claimFromSP
FNDA:0,E2EHelpers._claimFromSP
DA:294,0
DA:295,0
DA:298,0
FN:298,E2EHelpers._depositLQTY
FNDA:0,E2EHelpers._depositLQTY
DA:299,0
DA:301,0
DA:302,0
DA:303,0
DA:304,0
DA:307,0
FN:307,E2EHelpers._allocateLQTY_begin
FNDA:0,E2EHelpers._allocateLQTY_begin
DA:308,0
DA:311,0
FN:311,E2EHelpers._allocateLQTY_reset
FNDA:0,E2EHelpers._allocateLQTY_reset
DA:312,0
DA:315,0
FN:315,E2EHelpers._allocateLQTY_vote
FNDA:0,E2EHelpers._allocateLQTY_vote
DA:316,0
DA:317,0
DA:318,0
DA:321,0
FN:321,E2EHelpers._allocateLQTY_veto
FNDA:0,E2EHelpers._allocateLQTY_veto
DA:322,0
DA:323,0
DA:324,0
DA:327,0
FN:327,E2EHelpers._allocateLQTY_end
FNDA:0,E2EHelpers._allocateLQTY_end
DA:328,0
DA:337,0
FNF:23
FNH:0
LF:153
LH:0
BRF:12
BRH:0
end_of_record
TN:
SF:test/Utils/EnumerableSet.sol
DA:17,2715096
FN:17,EnumerableSetMethods.has.0
FNDA:2715096,EnumerableSetMethods.has.0
DA:18,2715096
DA:21,567082
FN:21,EnumerableSetMethods.get.0
FNDA:567082,EnumerableSetMethods.get.0
DA:22,567082
DA:25,4160206
FN:25,EnumerableSetMethods.size.0
FNDA:4160206,EnumerableSetMethods.size.0
DA:26,4160206
DA:29,169118
FN:29,EnumerableSetMethods.add.0
FNDA:169118,EnumerableSetMethods.add.0
DA:30,169118
BRDA:30,0,0,169118
DA:31,168477
BRDA:31,1,0,118172
DA:33,168477
DA:34,168477
DA:37,0
FN:37,EnumerableSetMethods.add.1
FNDA:0,EnumerableSetMethods.add.1
DA:38,0
DA:39,0
DA:43,67773
FN:43,EnumerableSetMethods.add.2
FNDA:67773,EnumerableSetMethods.add.2
DA:44,67773
DA:45,42026
DA:49,17674
FN:49,EnumerableSetMethods.remove.0
FNDA:17674,EnumerableSetMethods.remove.0
DA:50,17674
BRDA:50,2,0,17674
DA:52,8960
DA:53,8960
DA:55,8960
DA:56,8960
DA:58,8960
DA:62,0
FN:62,EnumerableSetMethods.remove.1
FNDA:0,EnumerableSetMethods.remove.1
DA:63,0
DA:64,0
DA:68,0
FN:68,EnumerableSetMethods.remove.2
FNDA:0,EnumerableSetMethods.remove.2
DA:69,0
DA:70,0
DA:74,156117
FN:74,EnumerableSetMethods.reset.0
FNDA:156117,EnumerableSetMethods.reset.0
DA:75,156117
DA:83,478126
FN:83,EnumerableAddressSetMethods.has.1
FNDA:478126,EnumerableAddressSetMethods.has.1
DA:84,478126
DA:87,293222
FN:87,EnumerableAddressSetMethods.get.1
FNDA:293222,EnumerableAddressSetMethods.get.1
DA:88,293222
DA:91,1803659
FN:91,EnumerableAddressSetMethods.size.1
FNDA:1803659,EnumerableAddressSetMethods.size.1
DA:92,1803659
DA:95,68151
FN:95,EnumerableAddressSetMethods.add.3
FNDA:68151,EnumerableAddressSetMethods.add.3
DA:96,68151
DA:99,0
FN:99,EnumerableAddressSetMethods.add.4
FNDA:0,EnumerableAddressSetMethods.add.4
DA:100,0
DA:101,0
DA:105,0
FN:105,EnumerableAddressSetMethods.add.5
FNDA:0,EnumerableAddressSetMethods.add.5
DA:106,0
DA:109,0
FN:109,EnumerableAddressSetMethods.remove.3
FNDA:0,EnumerableAddressSetMethods.remove.3
DA:110,0
DA:113,0
FN:113,EnumerableAddressSetMethods.remove.4
FNDA:0,EnumerableAddressSetMethods.remove.4
DA:114,0
DA:115,0
DA:119,0
FN:119,EnumerableAddressSetMethods.remove.5
FNDA:0,EnumerableAddressSetMethods.remove.5
DA:120,0
DA:123,149767
FN:123,EnumerableAddressSetMethods.reset.1
FNDA:149767,EnumerableAddressSetMethods.reset.1
DA:124,149767
FNF:20
FNH:12
LF:54
LH:33
BRF:3
BRH:3
end_of_record
TN:
SF:test/Utils/Logging.sol
DA:7,1510926
FN:7,Logging._log.0
FNDA:1510926,Logging._log.0
DA:8,1510926
DA:11,0
FN:11,Logging._log.1
FNDA:0,Logging._log.1
DA:12,0
DA:15,140446
FN:15,Logging._log.2
FNDA:140446,Logging._log.2
DA:16,140446
DA:19,4707830
FN:19,Logging._log.3
FNDA:4707830,Logging._log.3
DA:20,4707830
DA:23,407992
FN:23,Logging._log.4
FNDA:407992,Logging._log.4
DA:24,407992
DA:27,1356253
FN:27,Logging._log.5
FNDA:1356253,Logging._log.5
DA:28,1356253
DA:31,0
FN:31,Logging._log.6
FNDA:0,Logging._log.6
DA:35,0
DA:38,0
FN:38,Logging._log.7
FNDA:0,Logging._log.7
DA:47,0
DA:50,0
FN:50,Logging._log.8
FNDA:0,Logging._log.8
DA:60,0
DA:63,0
FN:63,Logging._log.9
FNDA:0,Logging._log.9
DA:74,0
DA:77,0
FN:77,Logging._log.10
FNDA:0,Logging._log.10
DA:89,0
DA:92,0
FN:92,Logging._log.11
FNDA:0,Logging._log.11
DA:105,0
DA:108,140446
FN:108,Logging.info.0
FNDA:140446,Logging.info.0
DA:109,140446
DA:112,3073685
FN:112,Logging.info.1
FNDA:3073685,Logging.info.1
DA:113,3073685
DA:116,407992
FN:116,Logging.info.2
FNDA:407992,Logging.info.2
DA:117,407992
DA:120,7144
FN:120,Logging.info.3
FNDA:7144,Logging.info.3
DA:121,7144
DA:124,0
FN:124,Logging.info.4
FNDA:0,Logging.info.4
DA:125,0
DA:128,0
FN:128,Logging.info.5
FNDA:0,Logging.info.5
DA:132,0
DA:135,246917
FN:135,Logging._csv.0
FNDA:246917,Logging._csv.0
DA:136,246917
DA:139,204767
FN:139,Logging._csv.1
FNDA:204767,Logging._csv.1
DA:140,204767
DA:143,275742
FN:143,Logging._csv.2
FNDA:275742,Logging._csv.2
DA:144,275742
DA:147,0
FN:147,Logging._csv.3
FNDA:0,Logging._csv.3
DA:148,0
DA:151,206447
FN:151,Logging._csv.4
FNDA:206447,Logging._csv.4
DA:152,206447
DA:155,0
FN:155,Logging._csv.5
FNDA:0,Logging._csv.5
DA:156,0
DA:161,0
FN:161,Logging._csv.6
FNDA:0,Logging._csv.6
DA:162,0
DA:181,67807
FN:181,Logging._csv.7
FNDA:67807,Logging._csv.7
DA:182,67807
FNF:26
FNH:14
LF:52
LH:28
BRF:0
BRH:0
end_of_record
TN:
SF:test/Utils/StringEquality.sol
DA:5,0
FN:5,StringEquality.eq
FNDA:0,StringEquality.eq
DA:6,0
DA:9,0
FN:9,StringEquality.notEq
FNDA:0,StringEquality.notEq
DA:10,0
FNF:2
FNH:0
LF:4
LH:0
BRF:0
BRH:0
end_of_record
TN:
SF:test/Utils/StringFormatting.sol
DA:20,359159
FN:20,StringFormatting.equals
FNDA:359159,StringFormatting.equals
DA:21,359159
DA:24,5970289
FN:24,StringFormatting.toString.0
FNDA:5970289,StringFormatting.toString.0
DA:25,5970289
DA:28,270401
FN:28,StringFormatting.toString.1
FNDA:270401,StringFormatting.toString.1
DA:29,270401
DA:32,0
FN:32,StringFormatting.decimal.0
FNDA:0,StringFormatting.decimal.0
DA:33,0
BRDA:33,0,0,-
BRDA:33,0,1,-
DA:34,0
DA:35,0
BRDA:35,1,0,-
BRDA:35,1,1,-
DA:36,0
DA:37,0
BRDA:37,2,0,-
BRDA:37,2,1,-
DA:38,0
DA:40,0
DA:44,3129113
FN:44,StringFormatting.decimal.1
FNDA:3129113,StringFormatting.decimal.1
DA:45,3129113
BRDA:45,3,0,-
DA:46,0
DA:49,3129113
DA:50,3129113
DA:52,3129113
BRDA:52,4,0,1742596
BRDA:52,4,1,1386517
DA:53,1742596
DA:55,1386517
DA:64,3197255
FN:64,StringFormatting.groupRight.0
FNDA:3197255,StringFormatting.groupRight.0
DA:65,3197255
DA:68,3197255
FN:68,StringFormatting.groupRight.1
FNDA:3197255,StringFormatting.groupRight.1
DA:69,3197255
DA:72,3197255
FN:72,StringFormatting.groupRight.2
FNDA:3197255,StringFormatting.groupRight.2
DA:73,3197255
DA:74,3197255
BRDA:74,5,0,-
DA:76,3197255
DA:77,3197255
DA:79,3197255
DA:80,3197255
DA:81,6206550
BRDA:81,6,0,637832
BRDA:81,6,1,5568718
DA:82,637832
DA:84,5568718
DA:89,1386517
FN:89,StringFormatting.slice.0
FNDA:1386517,StringFormatting.slice.0
DA:90,1386517
DA:93,0
FN:93,StringFormatting.slice.1
FNDA:0,StringFormatting.slice.1
DA:94,0
DA:97,1386517
FN:97,StringFormatting.slice.2
FNDA:1386517,StringFormatting.slice.2
DA:98,1386517
DA:102,2773034
FN:102,StringFormatting.slice.3
FNDA:2773034,StringFormatting.slice.3
DA:103,2773034
DA:104,2773034
DA:105,2773034
DA:107,2773034
DA:109,2773034
DA:110,49114687
DA:114,1386517
FN:114,StringFormatting.trimEnd.0
FNDA:1386517,StringFormatting.trimEnd.0
DA:115,1386517
DA:118,1386517
FN:118,StringFormatting.trimEnd.1
FNDA:1386517,StringFormatting.trimEnd.1
DA:119,1386517
DA:120,1386517
DA:121,1386517
DA:124,394762
FN:124,StringFormatting.join
FNDA:394762,StringFormatting.join
DA:125,394762
BRDA:125,7,0,227134
DA:127,167628
DA:128,167628
DA:129,373673
FNF:15
FNH:13
LF:60
LH:49
BRF:13
BRH:5
end_of_record
TN:
SF:test/Utils/Trove.sol
DA:32,95758
FN:32,TroveMethods.accrueInterest
FNDA:95758,TroveMethods.accrueInterest
DA:33,95758
DA:36,95758
FN:36,TroveMethods.accrueBatchManagementFee
FNDA:95758,TroveMethods.accrueBatchManagementFee
DA:40,95758
DA:43,1366
FN:43,TroveMethods.redist
FNDA:1366,TroveMethods.redist
DA:44,1366
DA:45,1366
DA:48,63093
FN:48,TroveMethods.applyPendingRedist
FNDA:63093,TroveMethods.applyPendingRedist
DA:49,63093
DA:50,63093
DA:52,63093
DA:53,63093
DA:55,63093
DA:56,63093
DA:59,88297
FN:59,TroveMethods.applyPendingInterest
FNDA:88297,TroveMethods.applyPendingInterest
DA:60,88297
DA:61,88297
DA:64,88297
FN:64,TroveMethods.applyPendingBatchManagementFee
FNDA:88297,TroveMethods.applyPendingBatchManagementFee
DA:65,88297
DA:66,88297
DA:69,61726
FN:69,TroveMethods.applyPending
FNDA:61726,TroveMethods.applyPending
DA:70,61726
DA:71,61726
DA:72,61726
FNF:7
FNH:7
LF:24
LH:24
BRF:0
BRH:0
end_of_record
TN:
SF:test/Utils/TroveId.sol
DA:5,0
FN:5,TroveId.addressToTroveId.0
FNDA:0,TroveId.addressToTroveId.0
DA:6,28686
DA:9,0
FN:9,TroveId.addressToTroveId.1
FNDA:0,TroveId.addressToTroveId.1
DA:10,28686
DA:13,0
FN:13,TroveId.addressToTroveId.2
FNDA:0,TroveId.addressToTroveId.2
DA:14,48
DA:17,0
FN:17,TroveId.addressToTroveIdThroughZapper.0
FNDA:0,TroveId.addressToTroveIdThroughZapper.0
DA:22,0
DA:23,0
DA:26,0
FN:26,TroveId.addressToTroveIdThroughZapper.1
FNDA:0,TroveId.addressToTroveIdThroughZapper.1
DA:31,0
DA:34,0
FN:34,TroveId.addressToTroveIdThroughZapper.2
FNDA:0,TroveId.addressToTroveIdThroughZapper.2
DA:35,0
FNF:6
FNH:0
LF:13
LH:3
BRF:0
BRH:0
end_of_record
TN:
SF:test/Utils/UniPriceConverterLog.sol
DA:17,0
FN:17,UniPriceConverterLog.priceToSqrtPrice
FNDA:0,UniPriceConverterLog.priceToSqrtPrice
DA:18,0
DA:20,0
DA:21,0
DA:23,0
DA:24,0
DA:25,0
DA:26,0
DA:27,0
DA:29,0
DA:30,0
DA:31,0
DA:32,0
DA:34,0
DA:37,0
FN:37,UniPriceConverterLog.sqrtPriceToPrice
FNDA:0,UniPriceConverterLog.sqrtPriceToPrice
DA:38,0
DA:40,0
DA:41,0
DA:42,0
DA:43,0
DA:44,0
FNF:2
FNH:0
LF:21
LH:0
BRF:0
BRH:0
end_of_record
TN:
SF:test/Utils/UseDeployment.sol
DA:89,0
FN:89,UseDeployment._loadDeploymentFromManifest
FNDA:0,UseDeployment._loadDeploymentFromManifest
DA:90,0
DA:91,0
DA:92,0
DA:93,0
DA:94,0
DA:95,0
DA:96,0
DA:97,0
DA:98,0
DA:99,0
DA:100,0
DA:101,0
DA:102,0
DA:103,0
DA:105,0
DA:106,0
DA:107,0
DA:108,0
DA:109,0
DA:110,0
DA:111,0
DA:112,0
DA:113,0
DA:114,0
DA:116,0
DA:117,0
DA:118,0
DA:119,0
DA:120,0
DA:121,0
DA:122,0
DA:123,0
DA:125,0
DA:126,0
DA:128,0
DA:148,0
DA:149,0
DA:150,0
DA:151,0
DA:152,0
DA:153,0
DA:154,0
DA:155,0
DA:156,0
DA:157,0
DA:159,0
DA:160,0
BRDA:160,0,0,-
BRDA:160,0,1,-
DA:161,0
DA:162,0
BRDA:162,1,0,-
BRDA:162,1,1,-
DA:163,0
DA:164,0
BRDA:164,2,0,-
BRDA:164,2,1,-
DA:165,0
DA:167,0
DA:171,0
DA:172,0
DA:173,0
DA:174,0
DA:175,0
DA:176,0
DA:177,0
DA:179,0
DA:180,0
DA:181,0
DA:182,0
FNF:1
FNH:0
LF:65
LH:0
BRF:6
BRH:0
end_of_record
TN:
SF:test/aeroLPTokenPriceFeed.t.sol
DA:18,38
FN:18,ERC20DecimalsMock.constructor
FNDA:38,ERC20DecimalsMock.constructor
DA:19,38
DA:22,38
FN:22,ERC20DecimalsMock.decimals
FNDA:38,ERC20DecimalsMock.decimals
DA:23,38
DA:26,0
FN:26,ERC20DecimalsMock.mint
FNDA:0,ERC20DecimalsMock.mint
DA:27,0
DA:32,5
FN:32,BorrowerOperationsMock.shutdownFromOracleFailure
FNDA:5,BorrowerOperationsMock.shutdownFromOracleFailure
FNF:4
FNH:3
LF:7
LH:5
BRF:0
BRH:0
end_of_record
TN:
SF:test/events.t.sol
DA:53,4
FN:53,EventsTest.assertEqLogs
FNDA:4,EventsTest.assertEqLogs
DA:54,4
DA:56,4
DA:57,12
DA:59,12
DA:60,24
DA:63,12
FNF:1
FNH:1
LF:7
LH:7
BRF:0
BRH:0
end_of_record
TN:
SF:test/priceFeeds/PriceFeedTestHelpers.sol
DA:13,21
FN:13,BorrowerOperationsMock.shutdownFromOracleFailure
FNDA:21,BorrowerOperationsMock.shutdownFromOracleFailure
DA:20,1
FN:20,RevertingAggregator.constructor
FNDA:1,RevertingAggregator.constructor
DA:21,1
DA:24,0
FN:24,RevertingAggregator.decimals
FNDA:0,RevertingAggregator.decimals
DA:25,0
DA:28,1
FN:28,RevertingAggregator.latestRoundData
FNDA:1,RevertingAggregator.latestRoundData
DA:33,1
DA:41,7
FN:41,WSTETHRateMock.setStEthPerToken
FNDA:7,WSTETHRateMock.setStEthPerToken
DA:42,7
DA:45,18
FN:45,WSTETHRateMock.stEthPerToken
FNDA:18,WSTETHRateMock.stEthPerToken
DA:46,18
DA:49,0
FN:49,WSTETHRateMock.wrap
FNDA:0,WSTETHRateMock.wrap
DA:50,0
DA:53,0
FN:53,WSTETHRateMock.unwrap
FNDA:0,WSTETHRateMock.unwrap
DA:54,0
DA:57,0
FN:57,WSTETHRateMock.getWstETHByStETH
FNDA:0,WSTETHRateMock.getWstETHByStETH
DA:58,0
DA:61,0
FN:61,WSTETHRateMock.getStETHByWstETH
FNDA:0,WSTETHRateMock.getStETHByWstETH
DA:62,0
DA:65,0
FN:65,WSTETHRateMock.tokensPerStEth
FNDA:0,WSTETHRateMock.tokensPerStEth
DA:66,0
FNF:11
FNH:5
LF:21
LH:9
BRF:0
BRH:0
end_of_record
TN:
SF:test/priceFeeds/RETHPriceFeed.t.sol
DA:18,1
FN:18,ToggleRethToken.setFail
FNDA:1,ToggleRethToken.setFail
DA:19,1
DA:22,0
FN:22,ToggleRethToken.setRate
FNDA:0,ToggleRethToken.setRate
DA:23,0
DA:26,3
FN:26,ToggleRethToken.getExchangeRate
FNDA:3,ToggleRethToken.getExchangeRate
DA:27,1
BRDA:27,0,0,1
DA:28,2
FNF:3
FNH:2
LF:7
LH:5
BRF:1
BRH:1
end_of_record
